<?xml version="1.0" encoding="UTF-8" ?>
<testsuite errors="0" failures="0" hostname="madang02-pc" name="kr.pe.codda.common.io.StreamBufferTest" skipped="0" tests="112" time="1.123" timestamp="2019-11-29T05:10:03">
  <properties>
[...]
</properties>
  <testcase classname="kr.pe.codda.common.io.StreamBufferTest" name="testPutBytes_부분지정바이트배열_theSumOfThePameterOffsetAndthePameterLengthIsGreaterThanSourceByteArrayLength" time="0.005" />
  <testcase classname="kr.pe.codda.common.io.StreamBufferTest" name="testPutFixedLengthString_theParameterWantedCharsetEncoderIsNull" time="0.001" />
  <testcase classname="kr.pe.codda.common.io.StreamBufferTest" name="testGetSIPascalString_theParameterWantedCharsetIsNull" time="0.001" />
  <testcase classname="kr.pe.codda.common.io.StreamBufferTest" name="testPutUnsignedByte_중간버퍼첫번째위치에서쓰고읽기" time="0.001" />
  <testcase classname="kr.pe.codda.common.io.StreamBufferTest" name="testGetUBPascalString_버퍼에남은용량이부족한경우" time="0.001" />
  <testcase classname="kr.pe.codda.common.io.StreamBufferTest" name="testPutUnsignedByte_최대값초가" time="0.001" />
  <testcase classname="kr.pe.codda.common.io.StreamBufferTest" name="testPutByte_첫번째버퍼마지막위치에서쓰고읽기" time="0.0" />
  <testcase classname="kr.pe.codda.common.io.StreamBufferTest" name="testPutSIPascalString_theParameterSrcIsNull" time="0.001" />
  <testcase classname="kr.pe.codda.common.io.StreamBufferTest" name="testPutBytes_바이트버퍼_부분쓰기읽기" time="0.004" />
  <testcase classname="kr.pe.codda.common.io.StreamBufferTest" name="testSetLimit_ok" time="0.0" />
  <testcase classname="kr.pe.codda.common.io.StreamBufferTest" name="testPutBytes_바이트버퍼_TheParameterSrcIsNull" time="0.001" />
  <testcase classname="kr.pe.codda.common.io.StreamBufferTest" name="testGetBytes_목적지지정_버퍼에남은용량이부족한경우" time="0.003" />
  <testcase classname="kr.pe.codda.common.io.StreamBufferTest" name="testPutUSPascalString_theParameterWantedCharsetIsNull" time="0.0" />
  <testcase classname="kr.pe.codda.common.io.StreamBufferTest" name="testPutUnsignedByte_첫번째버퍼마지막위치에서쓰고읽기" time="0.0" />
  <testcase classname="kr.pe.codda.common.io.StreamBufferTest" name="testPutUnsignedByte_꽉찬상태에서쓰고읽기" time="0.001" />
  <testcase classname="kr.pe.codda.common.io.StreamBufferTest" name="testGetBytes_목적지지정_theParameterLengthIsLessThanZero" time="0.002" />
  <testcase classname="kr.pe.codda.common.io.StreamBufferTest" name="testPutFixedLengthString_theParameterFixedLengthIsLessThanZero" time="0.001" />
  <testcase classname="kr.pe.codda.common.io.StreamBufferTest" name="testPutUSPascalString_OK" time="0.002" />
  <testcase classname="kr.pe.codda.common.io.StreamBufferTest" name="testSkip_버퍼에남은용량이부족한경우" time="0.0" />
  <testcase classname="kr.pe.codda.common.io.StreamBufferTest" name="testPutUBPascalString_theParameterSrcIsNull" time="0.001" />
  <testcase classname="kr.pe.codda.common.io.StreamBufferTest" name="testPutFixedLengthString_theParameterSrcIsNull" time="0.001" />
  <testcase classname="kr.pe.codda.common.io.StreamBufferTest" name="testPutUBPascalString_OK" time="0.004" />
  <testcase classname="kr.pe.codda.common.io.StreamBufferTest" name="testPutByte_최소최대중간값쓰고읽기" time="0.001" />
  <testcase classname="kr.pe.codda.common.io.StreamBufferTest" name="testPutUnsignedShort_최대값초과" time="0.001" />
  <testcase classname="kr.pe.codda.common.io.StreamBufferTest" name="testPutBytes_부분지정바이트배열_전체쓰기읽기" time="0.012" />
  <testcase classname="kr.pe.codda.common.io.StreamBufferTest" name="testConstructor_theParameterDataPacketBufferMaxCountIsLessThanOrEqualToZero" time="0.0" />
  <testcase classname="kr.pe.codda.common.io.StreamBufferTest" name="testPutUnsignedInt_음수" time="0.0" />
  <testcase classname="kr.pe.codda.common.io.StreamBufferTest" name="testGetUBPascalString_theParameterWantedCharsetIsNull" time="0.001" />
  <testcase classname="kr.pe.codda.common.io.StreamBufferTest" name="testPutByte_중간버퍼첫번째위치에서쓰고읽기" time="0.0" />
  <testcase classname="kr.pe.codda.common.io.StreamBufferTest" name="testPutByte_마지막버퍼마지막위치에서쓰고읽기" time="0.0" />
  <testcase classname="kr.pe.codda.common.io.StreamBufferTest" name="testPutBytes_바이트버퍼_버퍼에남은용량이부족한경우" time="0.037" />
  <testcase classname="kr.pe.codda.common.io.StreamBufferTest" name="testPutUnsignedShort_버퍼에남은용량이부족한경우" time="0.0" />
  <testcase classname="kr.pe.codda.common.io.StreamBufferTest" name="testGetBytes_목적지지정_theParameterOffsetIsLessThanZero" time="0.001" />
  <testcase classname="kr.pe.codda.common.io.StreamBufferTest" name="testPutBytes_부분지정바이트배열_TheParameterSrcIsNull" time="0.0" />
  <testcase classname="kr.pe.codda.common.io.StreamBufferTest" name="testSetPosition_greaterThanLimit" time="0.0" />
  <testcase classname="kr.pe.codda.common.io.StreamBufferTest" name="testPutUnsignedByte_마지막버퍼마지막위치에서쓰고읽기" time="0.001" />
  <testcase classname="kr.pe.codda.common.io.StreamBufferTest" name="testPutAllString_OK" time="0.001" />
  <testcase classname="kr.pe.codda.common.io.StreamBufferTest" name="testPutBytes_전체바이트배열_쓰기읽기" time="0.005" />
  <testcase classname="kr.pe.codda.common.io.StreamBufferTest" name="testGetMD5WithoutChange_버퍼3개중앞뒤로중간에걸친" time="0.006" />
  <testcase classname="kr.pe.codda.common.io.StreamBufferTest" name="testGetFixedLengthString_버퍼에남은용량이부족한경우" time="0.002" />
  <testcase classname="kr.pe.codda.common.io.StreamBufferTest" name="testPutShort_최소최대포함한값들로버퍼끝에서다름버퍼까지쓰고읽기" time="0.0" />
  <testcase classname="kr.pe.codda.common.io.StreamBufferTest" name="testPutFixedLengthString_버퍼에남은용량이부족한경우" time="0.004" />
  <testcase classname="kr.pe.codda.common.io.StreamBufferTest" name="testGetUnsignedByte_버퍼에남은용량이부족한경우" time="0.001" />
  <testcase classname="kr.pe.codda.common.io.StreamBufferTest" name="testPutInt_버퍼에남은용량이부족한경우" time="0.0" />
  <testcase classname="kr.pe.codda.common.io.StreamBufferTest" name="testGetInt_버퍼에남은용량이부족한경우" time="0.001" />
  <testcase classname="kr.pe.codda.common.io.StreamBufferTest" name="testGetFixedLengthString_theParameterWantedCharsetDecoderIsNull" time="0.001" />
  <testcase classname="kr.pe.codda.common.io.StreamBufferTest" name="testGetBytes_목적지지정_정상_부분" time="0.001" />
  <testcase classname="kr.pe.codda.common.io.StreamBufferTest" name="testGetBytes_목적지지정_정상_전체" time="0.001" />
  <testcase classname="kr.pe.codda.common.io.StreamBufferTest" name="testPutFixedLengthString_OK" time="0.001" />
  <testcase classname="kr.pe.codda.common.io.StreamBufferTest" name="testPutBytes_부분지정바이트배열_부분쓰기읽기" time="0.001" />
  <testcase classname="kr.pe.codda.common.io.StreamBufferTest" name="testgetByte_버퍼에남은용량이부족한경우" time="0.001" />
  <testcase classname="kr.pe.codda.common.io.StreamBufferTest" name="testPutPascalString_theParameterWantedCharsetIsNull" time="0.0" />
  <testcase classname="kr.pe.codda.common.io.StreamBufferTest" name="testGetPascalString_버퍼에남은용량이부족한경우" time="0.0" />
  <testcase classname="kr.pe.codda.common.io.StreamBufferTest" name="testGetShort_버퍼에남은용량이부족한경우" time="0.0" />
  <testcase classname="kr.pe.codda.common.io.StreamBufferTest" name="testPutBytes_전체바이트배열_TheParameterSrcIsNull" time="0.001" />
  <testcase classname="kr.pe.codda.common.io.StreamBufferTest" name="testSetPosition_lessThanZero" time="0.001" />
  <testcase classname="kr.pe.codda.common.io.StreamBufferTest" name="testPutUnsignedShort_최소최대포함한값들로버퍼끝에서다름버퍼까지쓰고읽기" time="0.001" />
  <testcase classname="kr.pe.codda.common.io.StreamBufferTest" name="testConstructor_theParameterWrapBufferPoolIsNull" time="0.0" />
  <testcase classname="kr.pe.codda.common.io.StreamBufferTest" name="testConstructor_theParameterStreamCharsetFamilyIsNull" time="0.0" />
  <testcase classname="kr.pe.codda.common.io.StreamBufferTest" name="testPutByte_첫번째버퍼첫번째위치에서쓰고읽기" time="0.0" />
  <testcase classname="kr.pe.codda.common.io.StreamBufferTest" name="testSetLimit_lessThanPosition" time="0.0" />
  <testcase classname="kr.pe.codda.common.io.StreamBufferTest" name="test" time="0.001" />
  <testcase classname="kr.pe.codda.common.io.StreamBufferTest" name="testGetBytes_목적지지정_theParameterOffsetIsEqualToLengthOfTheParameterDst" time="0.002" />
  <testcase classname="kr.pe.codda.common.io.StreamBufferTest" name="testGetUSPascalString_theParameterWantedCharsetIsNull" time="0.001" />
  <testcase classname="kr.pe.codda.common.io.StreamBufferTest" name="testPutLong_최소최대포함한값들로버퍼끝에서다름버퍼까지쓰고읽기" time="0.001" />
  <testcase classname="kr.pe.codda.common.io.StreamBufferTest" name="testSetLimit_lessThanZero" time="0.0" />
  <testcase classname="kr.pe.codda.common.io.StreamBufferTest" name="testPutUnsignedByte_첫번째버퍼첫번째위치에서쓰고읽기" time="0.001" />
  <testcase classname="kr.pe.codda.common.io.StreamBufferTest" name="testPutInt_최소최대포함한값들로버퍼끝에서다름버퍼까지쓰고읽기" time="0.0" />
  <testcase classname="kr.pe.codda.common.io.StreamBufferTest" name="testPutBytes_전체바이트배열_버퍼에남은용량이부족한경우" time="0.071" />
  <testcase classname="kr.pe.codda.common.io.StreamBufferTest" name="test속도비교_putBytesVsPutBytes2" time="0.121" />
  <testcase classname="kr.pe.codda.common.io.StreamBufferTest" name="testPutUnsignedShort_음수" time="0.0" />
  <testcase classname="kr.pe.codda.common.io.StreamBufferTest" name="testPutUnsignedByte_중간버퍼마지막위치에서쓰고읽기" time="0.0" />
  <testcase classname="kr.pe.codda.common.io.StreamBufferTest" name="testPutBytes_부분지정바이트배열__thePameterOffsetIsGreaterThanOrEqualToSourceByteArrayLength" time="0.0" />
  <testcase classname="kr.pe.codda.common.io.StreamBufferTest" name="testGetBytes_목적지지정_theSumOfParameterOffsetAndParameterLengthIsGreaterThanLengthOfTheParameterDst" time="0.001" />
  <testcase classname="kr.pe.codda.common.io.StreamBufferTest" name="testGetBytes_버퍼에남은용량이부족한경우" time="0.001" />
  <testcase classname="kr.pe.codda.common.io.StreamBufferTest" name="testPutByte_꽉찬상태에서쓰고읽기" time="0.0" />
  <testcase classname="kr.pe.codda.common.io.StreamBufferTest" name="testPutBytes_부분지정바이트배열_버퍼에남은용량이부족한경우" time="0.034" />
  <testcase classname="kr.pe.codda.common.io.StreamBufferTest" name="testPutSIPascalString_theParameterWantedCharsetIsNull" time="0.015" />
  <testcase classname="kr.pe.codda.common.io.StreamBufferTest" name="testConstructor_ok" time="0.001" />
  <testcase classname="kr.pe.codda.common.io.StreamBufferTest" name="testSetPosition_ok" time="0.0" />
  <testcase classname="kr.pe.codda.common.io.StreamBufferTest" name="testGetBytes_theParameterLengthIsLessThanZero" time="0.001" />
  <testcase classname="kr.pe.codda.common.io.StreamBufferTest" name="testGetUnsignedShort_버퍼에남은용량이부족한경우" time="0.0" />
  <testcase classname="kr.pe.codda.common.io.StreamBufferTest" name="testGetMD5WithoutChange_버퍼3개중2개에꽉찬" time="0.0" />
  <testcase classname="kr.pe.codda.common.io.StreamBufferTest" name="testPutAllString_theParameterSrcIsNull" time="0.001" />
  <testcase classname="kr.pe.codda.common.io.StreamBufferTest" name="testGetAllString_theParameterWantedCharsetIsNull" time="0.001" />
  <testcase classname="kr.pe.codda.common.io.StreamBufferTest" name="testPutSIPascalString_OK" time="0.001" />
  <testcase classname="kr.pe.codda.common.io.StreamBufferTest" name="testGetSIPascalString_버퍼에남은용량이부족한경우" time="0.0" />
  <testcase classname="kr.pe.codda.common.io.StreamBufferTest" name="testGetPascalString_theParameterWantedCharsetIsNull" time="0.001" />
  <testcase classname="kr.pe.codda.common.io.StreamBufferTest" name="testPutLong_버퍼에남은용량이부족한경우" time="0.001" />
  <testcase classname="kr.pe.codda.common.io.StreamBufferTest" name="testGetBytes_목적지지정_theParameterDstIsNull" time="0.0" />
  <testcase classname="kr.pe.codda.common.io.StreamBufferTest" name="testPutUnsignedByte_마지막버퍼첫번째위치에서쓰고읽기" time="0.0" />
  <testcase classname="kr.pe.codda.common.io.StreamBufferTest" name="testPutPascalString_theParameterSrcIsNull" time="0.0" />
  <testcase classname="kr.pe.codda.common.io.StreamBufferTest" name="testSkip_theParameterNIsLessThanOrEqualToZero" time="0.0" />
  <testcase classname="kr.pe.codda.common.io.StreamBufferTest" name="testGetUnsignedInt_버퍼에남은용량이부족한경우" time="0.0" />
  <testcase classname="kr.pe.codda.common.io.StreamBufferTest" name="testPutUnsignedByte_음수" time="0.0" />
  <testcase classname="kr.pe.codda.common.io.StreamBufferTest" name="testGetLong_버퍼에남은용량이부족한경우" time="0.001" />
  <testcase classname="kr.pe.codda.common.io.StreamBufferTest" name="testPutByte_중간버퍼마지막위치에서쓰고읽기" time="0.0" />
  <testcase classname="kr.pe.codda.common.io.StreamBufferTest" name="testPutBytes_부분지정바이트배열__thePameterLengthIsLessThanZero" time="0.0" />
  <testcase classname="kr.pe.codda.common.io.StreamBufferTest" name="testPutUnsignedInt_최소최대포함한값들로버퍼끝에서다름버퍼까지쓰고읽기" time="0.0" />
  <testcase classname="kr.pe.codda.common.io.StreamBufferTest" name="testPutUnsignedInt_버퍼에남은용량이부족한경우" time="0.0" />
  <testcase classname="kr.pe.codda.common.io.StreamBufferTest" name="testGetUSPascalString_버퍼에남은용량이부족한경우" time="0.002" />
  <testcase classname="kr.pe.codda.common.io.StreamBufferTest" name="testPutUBPascalString_theParameterWantedCharsetIsNull" time="0.001" />
  <testcase classname="kr.pe.codda.common.io.StreamBufferTest" name="testGetFixedLengthString_theParameterFixedLengthIsLessThanZero" time="0.002" />
  <testcase classname="kr.pe.codda.common.io.StreamBufferTest" name="testPutUnsignedByte_최소최대중간값" time="0.001" />
  <testcase classname="kr.pe.codda.common.io.StreamBufferTest" name="testPutUnsignedInt_최대값초과" time="0.0" />
  <testcase classname="kr.pe.codda.common.io.StreamBufferTest" name="testPutPascalString_OK" time="0.0" />
  <testcase classname="kr.pe.codda.common.io.StreamBufferTest" name="testPutBytes_바이트버퍼_전체쓰기읽기" time="0.003" />
  <testcase classname="kr.pe.codda.common.io.StreamBufferTest" name="testPutAllString_theParameterWantedCharsetIsNull" time="0.0" />
  <testcase classname="kr.pe.codda.common.io.StreamBufferTest" name="testSetLimit_greaterThanCapacity" time="0.0" />
  <testcase classname="kr.pe.codda.common.io.StreamBufferTest" name="testPutShort_버퍼에남은용량이부족한경우" time="0.0" />
  <testcase classname="kr.pe.codda.common.io.StreamBufferTest" name="testPutBytes_부분지정바이트배열__thePameterOffsetIsLessThanZero" time="0.0" />
  <testcase classname="kr.pe.codda.common.io.StreamBufferTest" name="testPutUSPascalString_theParameterSrcIsNull" time="0.001" />
  <system-out><![CDATA[the sum[1201] of the parameter offset[0] and the parameter length[1201] is greater than the parameter src's length[1200]
the parameter wantedCharsetEncoder is null
the parameter wantedCharset is null
the parameter src is null
BufferUnderflowException::sb.remaining()=9, length=10
BufferUnderflowException::sb.remaining()=8, length=10
BufferUnderflowException::sb.remaining()=7, length=10
BufferUnderflowException::sb.remaining()=6, length=10
BufferUnderflowException::sb.remaining()=5, length=10
BufferUnderflowException::sb.remaining()=4, length=10
BufferUnderflowException::sb.remaining()=3, length=10
BufferUnderflowException::sb.remaining()=2, length=10
BufferUnderflowException::sb.remaining()=1, length=10
BufferUnderflowException::sb.remaining()=0, length=10
the parameter wantedCharset is null
the parameter length[-1] is less than zero
the parameter fixedLength[-1] is less than zero
문자열 bytes=282
the parameter n[1025] is greater than remaing bytes[1024]
the parameter src is null
the parameter src is null
the parameter wantedCharset is null
the parameter offset[-1] is less than zero
the parameter wantedCharsetDecoder is null
the parameter wantedCharset is null
1.d41d8cd98f00b204e9800998ecf8427e
2.d41d8cd98f00b204e9800998ecf8427e
the parameter offset[1024] is greater than or equal to the parameter dst's length[1024]
the parameter wantedCharset is null
putBytes::1000000 번, 총 소요 시간=[46] ms
putByte::1000000 번, 총 소요 시간=[73] ms
the parameter offset[1200] is greater than and equal to the parameter src's length[1200]
the sum[1025] of the parameter offset[1023] and the parameter length[2] is greater than the parameter dst's length[1024]
the parameter wantedCharset is null
the parameter length[-1] is less than zero
the parameter src is null
the parameter wantedCharset is null
문자열 bytes=284
the parameter wantedCharset is null
the parameter dst is null
the parameter src is null
the parameter length[-1] is less than zero
the parameter wantedCharset is null
the parameter fixedLength[-1] is less than zero
the parameter wantedCharset is null
the parameter src is null
]]></system-out>
  <system-err><![CDATA[Codda Log Start
2019-11-29 14:10:04.385 [WARNING]  [Finalizer] this wrap buffer[hashcode=1733710504] was destroyed outside the queue(kr.pe.codda.common.io.WrapBuffer#finalize) 
2019-11-29 14:10:04.390 [WARNING]  [Finalizer] this wrap buffer[hashcode=1771155506] was destroyed outside the queue(kr.pe.codda.common.io.WrapBuffer#finalize) 
2019-11-29 14:10:04.390 [WARNING]  [Finalizer] this wrap buffer[hashcode=1840134616] was destroyed outside the queue(kr.pe.codda.common.io.WrapBuffer#finalize) 
2019-11-29 14:10:04.395 [WARNING]  [Finalizer] this wrap buffer[hashcode=682408457] was destroyed outside the queue(kr.pe.codda.common.io.WrapBuffer#finalize) 
2019-11-29 14:10:04.395 [WARNING]  [Finalizer] this wrap buffer[hashcode=2100981414] was destroyed outside the queue(kr.pe.codda.common.io.WrapBuffer#finalize) 
2019-11-29 14:10:04.395 [WARNING]  [Finalizer] this wrap buffer[hashcode=432951571] was destroyed outside the queue(kr.pe.codda.common.io.WrapBuffer#finalize) 
2019-11-29 14:10:04.395 [WARNING]  [Finalizer] this wrap buffer[hashcode=95607563] was destroyed outside the queue(kr.pe.codda.common.io.WrapBuffer#finalize) 
2019-11-29 14:10:04.396 [WARNING]  [Finalizer] this wrap buffer[hashcode=1216562502] was destroyed outside the queue(kr.pe.codda.common.io.WrapBuffer#finalize) 
2019-11-29 14:10:04.396 [WARNING]  [Finalizer] this wrap buffer[hashcode=1717718446] was destroyed outside the queue(kr.pe.codda.common.io.WrapBuffer#finalize) 
2019-11-29 14:10:04.396 [WARNING]  [Finalizer] this wrap buffer[hashcode=231722680] was destroyed outside the queue(kr.pe.codda.common.io.WrapBuffer#finalize) 
2019-11-29 14:10:04.396 [WARNING]  [Finalizer] this wrap buffer[hashcode=515257993] was destroyed outside the queue(kr.pe.codda.common.io.WrapBuffer#finalize) 
2019-11-29 14:10:04.398 [WARNING]  [Finalizer] this wrap buffer[hashcode=1288567148] was destroyed outside the queue(kr.pe.codda.common.io.WrapBuffer#finalize) 
2019-11-29 14:10:04.398 [WARNING]  [Finalizer] this wrap buffer[hashcode=951501414] was destroyed outside the queue(kr.pe.codda.common.io.WrapBuffer#finalize) 
]]></system-err>
</testsuite>
