<?xml version="1.0" encoding="UTF-8" ?>
<testsuite errors="0" failures="0" hostname="madang02-pc" name="kr.pe.codda.client.connection.asyn.AsynThreadSafeSingleConnectionTest" skipped="0" tests="1" time="4.795" timestamp="2019-11-29T05:08:48">
  <properties>
[...]
</properties>
  <testcase classname="kr.pe.codda.client.connection.asyn.AsynThreadSafeSingleConnectionTest" name="testSendSyncInputMessage_threadSafeOK" time="4.719" />
  <system-out><![CDATA[]]></system-out>
  <system-err><![CDATA[Codda Log Start
2019-11-29 14:08:48.751 [INFO]  [main] D:\gitcodda\codda2\core\all\codda\project\sample_base\server_build\APP-INF\classes(kr.pe.codda.client.connection.asyn.AsynThreadSafeSingleConnectionTest#setUpBeforeClass) 
2019-11-29 14:08:48.754 [INFO]  [main] D:\gitcodda\codda2\core\all\codda\project\sample_base\resources(kr.pe.codda.client.connection.asyn.AsynThreadSafeSingleConnectionTest#setUpBeforeClass) 
2019-11-29 14:08:48.767 [INFO]  [main] 0(kr.pe.codda.client.connection.asyn.AsynThreadSafeSingleConnectionTest#testSendSyncInputMessage_threadSafeOK) 
2019-11-29 14:08:48.796 [INFO]  [main] SimpleClassLoader hashCode=[834133664] create(kr.pe.codda.common.classloader.SimpleClassLoader#<init>) 
2019-11-29 14:08:49.077 [INFO]  [Thread-1] ServerIOEventController::projectName[sample_test] start(kr.pe.codda.server.ServerIOEventController#run) 
2019-11-29 14:08:49.087 [INFO]  [Thread-3] ClientIOEventController Thread start(kr.pe.codda.client.connection.asyn.ClientIOEventController#run) 
2019-11-29 14:08:50.086 [INFO]  [Thread-2] 연결 폴 후원자 시작(kr.pe.codda.client.connection.ConnectionPoolSupporter#run) 
2019-11-29 14:08:50.095 [INFO]  [main] the unregisteredAsynConnection[1644443712] was registered to queue(kr.pe.codda.client.connection.asyn.ClientIOEventController#addUnregisteredAsynConnection) 
2019-11-29 14:08:50.098 [WARNING]  [Thread-3] add the connected asyn connection[1644443712](kr.pe.codda.client.connection.asyn.AyncThreadSafeSingleConnectedConnectionAdder#addConnectedConnection) 
2019-11-29 14:08:50.103 [INFO]  [Thread-4] start Thread-4(kr.pe.codda.client.connection.asyn.AsynThreadSafeSingleConnectionTest$1ThreadSafeTester#run) 
2019-11-29 14:08:50.103 [INFO]  [Thread-5] start Thread-5(kr.pe.codda.client.connection.asyn.AsynThreadSafeSingleConnectionTest$1ThreadSafeTester#run) 
2019-11-29 14:08:50.104 [INFO]  [Thread-6] start Thread-6(kr.pe.codda.client.connection.asyn.AsynThreadSafeSingleConnectionTest$1ThreadSafeTester#run) 
2019-11-29 14:08:50.105 [INFO]  [Thread-7] start Thread-7(kr.pe.codda.client.connection.asyn.AsynThreadSafeSingleConnectionTest$1ThreadSafeTester#run) 
2019-11-29 14:08:50.105 [INFO]  [Thread-8] start Thread-8(kr.pe.codda.client.connection.asyn.AsynThreadSafeSingleConnectionTest$1ThreadSafeTester#run) 
2019-11-29 14:08:50.110 [INFO]  [Thread-1] successfully changed acceptedKey[1564479069]'s accepted socket channel[1994096837] to accepted socket channel(kr.pe.codda.server.ServerIOEventController#run) 
2019-11-29 14:08:53.444 [INFO]  [Thread-5] 10000 회 평균시간[333] microseconds(kr.pe.codda.client.connection.asyn.AsynThreadSafeSingleConnectionTest$1ThreadSafeTester#run) 
2019-11-29 14:08:53.444 [INFO]  [main] end thread[Thread-5](kr.pe.codda.client.connection.asyn.AsynThreadSafeSingleConnectionTest#testSendSyncInputMessage_threadSafeOK) 
2019-11-29 14:08:53.449 [INFO]  [Thread-4] 10000 회 평균시간[333] microseconds(kr.pe.codda.client.connection.asyn.AsynThreadSafeSingleConnectionTest$1ThreadSafeTester#run) 
2019-11-29 14:08:53.450 [INFO]  [main] end thread[Thread-4](kr.pe.codda.client.connection.asyn.AsynThreadSafeSingleConnectionTest#testSendSyncInputMessage_threadSafeOK) 
2019-11-29 14:08:53.459 [INFO]  [Thread-6] 10000 회 평균시간[335] microseconds(kr.pe.codda.client.connection.asyn.AsynThreadSafeSingleConnectionTest$1ThreadSafeTester#run) 
2019-11-29 14:08:53.459 [INFO]  [main] end thread[Thread-6](kr.pe.codda.client.connection.asyn.AsynThreadSafeSingleConnectionTest#testSendSyncInputMessage_threadSafeOK) 
2019-11-29 14:08:53.465 [INFO]  [Thread-8] 10000 회 평균시간[335] microseconds(kr.pe.codda.client.connection.asyn.AsynThreadSafeSingleConnectionTest$1ThreadSafeTester#run) 
2019-11-29 14:08:53.465 [INFO]  [main] end thread[Thread-8](kr.pe.codda.client.connection.asyn.AsynThreadSafeSingleConnectionTest#testSendSyncInputMessage_threadSafeOK) 
2019-11-29 14:08:53.480 [INFO]  [Thread-7] 10000 회 평균시간[337] microseconds(kr.pe.codda.client.connection.asyn.AsynThreadSafeSingleConnectionTest$1ThreadSafeTester#run) 
2019-11-29 14:08:53.480 [INFO]  [main] end thread[Thread-7](kr.pe.codda.client.connection.asyn.AsynThreadSafeSingleConnectionTest#testSendSyncInputMessage_threadSafeOK) 
2019-11-29 14:08:53.481 [INFO]  [main] socket channel[1644443712] closed(kr.pe.codda.client.connection.asyn.AsynThreadSafeSingleConnection#close) 
2019-11-29 14:08:53.483 [WARNING]  [Thread-1] the io error occurred while reading or writing the socket[1994096837], errmsg=현재 연결은 원격 호스트에 의해 강제로 끊겼습니다(kr.pe.codda.server.ServerIOEventController#run) 
2019-11-29 14:08:53.483 [INFO]  [Thread-1] this accepted socket channel[hashcode=1994096837, selection key=1564479069]'s resources has been released(kr.pe.codda.server.AcceptedConnection#releaseResources) 
]]></system-err>
</testsuite>
