<?xml version="1.0" encoding="UTF-8" ?>
<testsuite errors="0" failures="0" hostname="madang02-pc" name="kr.pe.codda.client.connection.sync.SyncThreadSafeSingleConnectionTest" skipped="0" tests="1" time="4.318" timestamp="2019-11-29T05:09:55">
  <properties>
[...]
</properties>
  <testcase classname="kr.pe.codda.client.connection.sync.SyncThreadSafeSingleConnectionTest" name="testSendSyncInputMessage_threadSafeOK" time="4.24" />
  <system-out><![CDATA[]]></system-out>
  <system-err><![CDATA[Codda Log Start
2019-11-29 14:09:55.182 [INFO]  [main] D:\gitcodda\codda2\core\all\codda\project\sample_base\server_build\APP-INF\classes(kr.pe.codda.client.connection.sync.SyncThreadSafeSingleConnectionTest#setUpBeforeClass) 
2019-11-29 14:09:55.185 [INFO]  [main] D:\gitcodda\codda2\core\all\codda\project\sample_base\resources(kr.pe.codda.client.connection.sync.SyncThreadSafeSingleConnectionTest#setUpBeforeClass) 
2019-11-29 14:09:55.197 [INFO]  [main] 0(kr.pe.codda.client.connection.sync.SyncThreadSafeSingleConnectionTest#testSendSyncInputMessage_threadSafeOK) 
2019-11-29 14:09:55.230 [INFO]  [main] SimpleClassLoader hashCode=[834133664] create(kr.pe.codda.common.classloader.SimpleClassLoader#<init>) 
2019-11-29 14:09:55.530 [INFO]  [Thread-1] ServerIOEventController::projectName[sample_test] start(kr.pe.codda.server.ServerIOEventController#run) 
2019-11-29 14:09:55.537 [INFO]  [Thread-2] 연결 폴 후원자 시작(kr.pe.codda.client.connection.ConnectionPoolSupporter#run) 
2019-11-29 14:09:55.545 [INFO]  [Thread-1] successfully changed acceptedKey[873371867]'s accepted socket channel[529889828] to accepted socket channel(kr.pe.codda.server.ServerIOEventController#run) 
2019-11-29 14:09:55.545 [INFO]  [Thread-3] start Thread-3(kr.pe.codda.client.connection.sync.SyncThreadSafeSingleConnectionTest$1ThreadSafeTester#run) 
2019-11-29 14:09:55.545 [INFO]  [Thread-4] start Thread-4(kr.pe.codda.client.connection.sync.SyncThreadSafeSingleConnectionTest$1ThreadSafeTester#run) 
2019-11-29 14:09:55.545 [INFO]  [Thread-5] start Thread-5(kr.pe.codda.client.connection.sync.SyncThreadSafeSingleConnectionTest$1ThreadSafeTester#run) 
2019-11-29 14:09:58.240 [INFO]  [Thread-5] 10000 회 평균시간[269] microseconds(kr.pe.codda.client.connection.sync.SyncThreadSafeSingleConnectionTest$1ThreadSafeTester#run) 
2019-11-29 14:09:58.241 [INFO]  [main] end thread[Thread-5](kr.pe.codda.client.connection.sync.SyncThreadSafeSingleConnectionTest#testSendSyncInputMessage_threadSafeOK) 
2019-11-29 14:09:59.315 [INFO]  [Thread-3] 10000 회 평균시간[376] microseconds(kr.pe.codda.client.connection.sync.SyncThreadSafeSingleConnectionTest$1ThreadSafeTester#run) 
2019-11-29 14:09:59.315 [INFO]  [main] end thread[Thread-3](kr.pe.codda.client.connection.sync.SyncThreadSafeSingleConnectionTest#testSendSyncInputMessage_threadSafeOK) 
2019-11-29 14:09:59.428 [INFO]  [Thread-4] 10000 회 평균시간[388] microseconds(kr.pe.codda.client.connection.sync.SyncThreadSafeSingleConnectionTest$1ThreadSafeTester#run) 
2019-11-29 14:09:59.428 [INFO]  [main] end thread[Thread-4](kr.pe.codda.client.connection.sync.SyncThreadSafeSingleConnectionTest#testSendSyncInputMessage_threadSafeOK) 
2019-11-29 14:09:59.429 [INFO]  [main] this connection[510113906]'s resources has been released(kr.pe.codda.client.connection.sync.SyncThreadSafeSingleConnection#releaseResources) 
2019-11-29 14:09:59.430 [WARNING]  [Thread-1] the io error occurred while reading or writing the socket[529889828], errmsg=현재 연결은 원격 호스트에 의해 강제로 끊겼습니다(kr.pe.codda.server.ServerIOEventController#run) 
2019-11-29 14:09:59.431 [INFO]  [Thread-1] this accepted socket channel[hashcode=529889828, selection key=873371867]'s resources has been released(kr.pe.codda.server.AcceptedConnection#releaseResources) 
]]></system-err>
</testsuite>
