<?xml version="1.0" encoding="UTF-8" ?>
<testsuite errors="0" failures="0" hostname="madang02-pc" name="kr.pe.codda.common.io.IncomingStreamTest" skipped="0" tests="7" time="0.175" timestamp="2019-11-29T05:10:03">
  <properties>
[...]
</properties>
  <testcase classname="kr.pe.codda.common.io.IncomingStreamTest" name="testCutMessageInputStream_theParameterWantedSizeToCutIsLessThanOrEqualToZero" time="0.006" />
  <testcase classname="kr.pe.codda.common.io.IncomingStreamTest" name="testCutMessageInputStream_theParameterWantedSizeToCutIsGreaterThanInputStreamSize" time="0.001" />
  <testcase classname="kr.pe.codda.common.io.IncomingStreamTest" name="testCutMessageInputStream_잔존데이터_잘려진스트림에잔존데이터전체가있는경우" time="0.001" />
  <testcase classname="kr.pe.codda.common.io.IncomingStreamTest" name="testCutMessageInputStream_전체자르기" time="0.002" />
  <testcase classname="kr.pe.codda.common.io.IncomingStreamTest" name="testCutMessageInputStream_잔존데이터_잘려진스트림에잔존데이터의일부분만있는경우" time="0.0" />
  <testcase classname="kr.pe.codda.common.io.IncomingStreamTest" name="testCutMessageInputStream_무작위테스트" time="0.048" />
  <testcase classname="kr.pe.codda.common.io.IncomingStreamTest" name="testCutMessageInputStream_잔존데이터_잘려진스트림음담고있는마지막랩버퍼에잔존데이터없는경우" time="0.001" />
  <system-out><![CDATA[the parameter wantedSizeToCut[0] is less than or equal to zero
the parameter wantedSizeToCut[-1] is less than or equal to zero
the parameter wantedSizeToCut[-2] is less than or equal to zero
the parameter wantedSizeToCut[2] is greater than the var position[1] which means the size of input streame
]]></system-out>
  <system-err><![CDATA[]]></system-err>
</testsuite>
