<?xml version="1.0" encoding="UTF-8" ?>
<testsuite errors="2" failures="0" hostname="madang02-pc" name="kr.pe.codda.servlet.user.BoardIntegrationSvlTest" skipped="0" tests="2" time="2.269" timestamp="2019-02-14T12:55:22">
  <properties>
[...]
</properties>
  <testcase classname="kr.pe.codda.servlet.user.BoardIntegrationSvlTest" name="게시글댓글_정상" time="2.139">
    <error type="java.lang.NullPointerException">java.lang.NullPointerException
	at kr.pe.codda.servlet.user.BoardIntegrationSvlTest.게시글댓글_정상(BoardIntegrationSvlTest.java:382)
</error>
  </testcase>
  <testcase classname="kr.pe.codda.servlet.user.BoardIntegrationSvlTest" name="게시글본문쓰기_정상" time="0.026">
    <error type="java.lang.NullPointerException">java.lang.NullPointerException
	at kr.pe.codda.servlet.user.BoardIntegrationSvlTest.게시글본문쓰기_정상(BoardIntegrationSvlTest.java:76)
</error>
  </testcase>
  <system-out><![CDATA[]]></system-out>
  <system-err><![CDATA[2월 14, 2019 9:55:22 오후 kr.pe.codda.common.config.CoddaConfiguration convertConfigSequencedPropertiesToAllPartItemsWithValidation
정보: item key[sessionkey.rsa.publickey.file.value]'s value is null because its status is inactive
2월 14, 2019 9:55:22 오후 kr.pe.codda.common.config.CoddaConfiguration convertConfigSequencedPropertiesToAllPartItemsWithValidation
정보: item key[sessionkey.rsa.privatekey.file.value]'s value is null because its status is inactive
2월 14, 2019 9:55:23 오후 kr.pe.codda.weblib.jdf.JDFBaseServlet performBasePreTask
정보: /servlet/BoardWriteProcess:(172.0.1.32)::calling
2월 14, 2019 9:55:23 오후 kr.pe.codda.client.connection.asyn.ClientIOEventController addUnregisteredAsynConnection
정보: the unregisteredAsynConnection[1475192960] was registered to queue
2월 14, 2019 9:55:23 오후 kr.pe.codda.client.connection.asyn.ClientIOEventController addUnregisteredAsynConnection
정보: the unregisteredAsynConnection[727197178] was registered to queue
2월 14, 2019 9:55:23 오후 kr.pe.codda.client.connection.asyn.ClientIOEventController addUnregisteredAsynConnection
정보: the unregisteredAsynConnection[1406253491] was registered to queue
2월 14, 2019 9:55:23 오후 kr.pe.codda.client.connection.asyn.ClientIOEventController addUnregisteredAsynConnection
정보: the unregisteredAsynConnection[749604930] was registered to queue
2월 14, 2019 9:55:23 오후 kr.pe.codda.client.connection.asyn.ClientIOEventController addUnregisteredAsynConnection
정보: the unregisteredAsynConnection[373097727] was registered to queue
2월 14, 2019 9:55:23 오후 kr.pe.codda.client.connection.asyn.ClientIOEventController addUnregisteredAsynConnection
정보: the unregisteredAsynConnection[2082509879] was registered to queue
2월 14, 2019 9:55:23 오후 kr.pe.codda.client.connection.asyn.ClientIOEventController addUnregisteredAsynConnection
정보: the unregisteredAsynConnection[576894497] was registered to queue
2월 14, 2019 9:55:23 오후 kr.pe.codda.client.connection.asyn.ClientIOEventController addUnregisteredAsynConnection
정보: the unregisteredAsynConnection[2123533871] was registered to queue
2월 14, 2019 9:55:23 오후 kr.pe.codda.client.connection.asyn.ClientIOEventController addUnregisteredAsynConnection
정보: the unregisteredAsynConnection[16148478] was registered to queue
2월 14, 2019 9:55:23 오후 kr.pe.codda.client.connection.asyn.ClientIOEventController addUnregisteredAsynConnection
정보: the unregisteredAsynConnection[2022689531] was registered to queue
2월 14, 2019 9:55:23 오후 kr.pe.codda.client.connection.asyn.ClientIOEventController run
정보: ClientIOEventController Thread start
2월 14, 2019 9:55:24 오후 kr.pe.codda.client.connection.ConnectionPoolSupporter run
정보: 연결 폴 후원자 시작
2월 14, 2019 9:55:24 오후 kr.pe.codda.client.ConnectionPoolManager$AnyProjectConnectionPoolMonitor run
정보: AnyProjectConnectionPoolMonitor start
2월 14, 2019 9:55:24 오후 kr.pe.codda.client.ConnectionPoolManager$AnyProjectConnectionPoolMonitor run
정보: main projectName[sample_base]'s AnyProjectConnectionPool state
numberOfConnection=10, connectionQueue.size=10
2월 14, 2019 9:55:24 오후 kr.pe.codda.servlet.user.BoardWriteProcessSvl performTask
경고: 요청한 사용자[test00가 회원 테이블에 존재하지 않습니다, userID=test00, ip=172.0.1.32
2월 14, 2019 9:55:24 오후 kr.pe.codda.weblib.jdf.JDFBaseServlet performBasePreTask
정보: /servlet/BoardWriteProcess:(172.0.1.32)::end(elapsed=1135)

2월 14, 2019 9:55:24 오후 kr.pe.codda.weblib.jdf.JDFBaseServlet performBasePreTask
정보: /servlet/BoardWriteProcess:(172.0.1.32)::calling
2월 14, 2019 9:55:24 오후 kr.pe.codda.servlet.user.BoardWriteProcessSvl performTask
경고: 요청한 사용자[test00가 회원 테이블에 존재하지 않습니다, userID=test00, ip=172.0.1.32
2월 14, 2019 9:55:24 오후 kr.pe.codda.weblib.jdf.JDFBaseServlet performBasePreTask
정보: /servlet/BoardWriteProcess:(172.0.1.32)::end(elapsed=21)

]]></system-err>
</testsuite>
