<?xml version="1.0" encoding="UTF-8" ?>
<testsuite errors="0" failures="9" hostname="madang02-pc" name="kr.pe.codda.common.buildsystem.ProjectBuilderTest" skipped="0" tests="15" time="1.004" timestamp="2018-05-07T06:01:53">
  <properties>
    <property name="java.vendor" value="Oracle Corporation" />
    <property name="dir.build" value="D:\gitmadang\codda\core\common\build" />
    <property name="sun.java.launcher" value="SUN_STANDARD" />
    <property name="sun.management.compiler" value="HotSpot 64-Bit Tiered Compilers" />
    <property name="dir.mainsrc" value="D:\gitmadang\codda\core\common\src\main\java" />
    <property name="dir.dist" value="D:\gitmadang\codda\core\common\dist" />
    <property name="os.name" value="Windows 10" />
    <property name="sun.boot.class.path" value="C:\Program Files\Java\jdk1.8.0_171\jre\lib\resources.jar;C:\Program Files\Java\jdk1.8.0_171\jre\lib\rt.jar;C:\Program Files\Java\jdk1.8.0_171\jre\lib\sunrsasign.jar;C:\Program Files\Java\jdk1.8.0_171\jre\lib\jsse.jar;C:\Program Files\Java\jdk1.8.0_171\jre\lib\jce.jar;C:\Program Files\Java\jdk1.8.0_171\jre\lib\charsets.jar;C:\Program Files\Java\jdk1.8.0_171\jre\lib\jfr.jar;C:\Program Files\Java\jdk1.8.0_171\jre\classes" />
    <property name="sun.desktop" value="windows" />
    <property name="java.vm.specification.vendor" value="Oracle Corporation" />
    <property name="ant.home" value="D:\apache-ant-1.9.11\bin\.." />
    <property name="java.runtime.version" value="1.8.0_171-b11" />
    <property name="user.name" value="madang03" />
    <property name="is.windows.yes" value="true" />
    <property name="dir.report" value="D:\gitmadang\codda\core\common\report" />
    <property name="user.language" value="ko" />
    <property name="sun.boot.library.path" value="C:\Program Files\Java\jdk1.8.0_171\jre\bin" />
    <property name="ant.project.default-target" value="make" />
    <property name="ant.project.name" value="codda_common" />
    <property name="java.version" value="1.8.0_171" />
    <property name="user.timezone" value="" />
    <property name="java.complile.option.debug" value="on" />
    <property name="sun.arch.data.model" value="64" />
    <property name="java.endorsed.dirs" value="C:\Program Files\Java\jdk1.8.0_171\jre\lib\endorsed" />
    <property name="sun.cpu.isalist" value="amd64" />
    <property name="sun.jnu.encoding" value="MS949" />
    <property name="file.encoding.pkg" value="sun.io" />
    <property name="file.separator" value="\" />
    <property name="java.specification.name" value="Java Platform API Specification" />
    <property name="ant.file.codda_common" value="D:\gitmadang\codda\core\common\build.xml" />
    <property name="java.class.version" value="52.0" />
    <property name="dir.testlib" value="D:\gitmadang\codda\core\common\lib\test" />
    <property name="user.country" value="KR" />
    <property name="ant.file.type.codda_common" value="file" />
    <property name="java.home" value="C:\Program Files\Java\jdk1.8.0_171\jre" />
    <property name="dir.core.junitlib.build" value="D:\gitmadang\codda\core\junitlib" />
    <property name="java.vm.info" value="mixed mode" />
    <property name="ant.file" value="D:\gitmadang\codda\core\common\build.xml" />
    <property name="os.version" value="10.0" />
    <property name="dir.logger.build" value="D:\gitmadang\codda\core\logger" />
    <property name="path.separator" value=";" />
    <property name="java.vm.version" value="25.171-b11" />
    <property name="user.variant" value="" />
    <property name="ant.library.dir" value="D:\apache-ant-1.9.11\lib" />
    <property name="java.awt.printerjob" value="sun.awt.windows.WPrinterJob" />
    <property name="sun.io.unicode.encoding" value="UnicodeLittle" />
    <property name="awt.toolkit" value="sun.awt.windows.WToolkit" />
    <property name="sun.stdout.encoding" value="ms949" />
    <property name="user.script" value="" />
    <property name="user.home" value="C:\Users\user" />
    <property name="java.specification.vendor" value="Oracle Corporation" />
    <property name="java.library.path" value="C:\Program Files\Java\jdk1.8.0_171\jre\bin;C:\WINDOWS\Sun\Java\bin;C:\WINDOWS\system32;C:\WINDOWS;C:\Program Files (x86)\Common Files\Oracle\Java\javapath;C:\Windows\system32;C:\Windows;C:\Windows\System32\Wbem;C:\Windows\System32\WindowsPowerShell\v1.0\;C:\Program Files (x86)\NVIDIA Corporation\PhysX\Common;C:\Program Files\Java\jdk1.8.0_171\bin;C:\Program Files\Git\cmd;D:\apache-ant-1.9.11\bin;C:\WINDOWS\system32;C:\WINDOWS;C:\WINDOWS\System32\Wbem;C:\WINDOWS\System32\WindowsPowerShell\v1.0\;D:\gradle-4.5\bin;C:\Users\user\AppData\Local\Microsoft\WindowsApps;;." />
    <property name="java.vendor.url" value="http://java.oracle.com/" />
    <property name="java.vm.vendor" value="Oracle Corporation" />
    <property name="java.runtime.name" value="Java(TM) SE Runtime Environment" />
    <property name="sun.java.command" value="org.apache.tools.ant.taskdefs.optional.junit.JUnitTestRunner kr.pe.codda.common.buildsystem.ProjectBuilderTest skipNonTests=false filtertrace=true haltOnError=true haltOnFailure=true formatter=org.apache.tools.ant.taskdefs.optional.junit.SummaryJUnitResultFormatter showoutput=true outputtoformatters=true logfailedtests=true threadid=0 logtestlistenerevents=false formatter=org.apache.tools.ant.taskdefs.optional.junit.XMLJUnitResultFormatter,D:\gitmadang\codda\core\common\report\TEST-kr.pe.codda.common.buildsystem.ProjectBuilderTest.xml crashfile=D:\gitmadang\codda\core\common\junitvmwatcher6095060913445423366.properties propsfile=D:\gitmadang\codda\core\common\junit2358654669593603669.properties" />
    <property name="java.class.path" value="D:\gitmadang\codda\core\junitlib\lib\ex\hamcrest-core-1.3.jar;D:\gitmadang\codda\core\junitlib\lib\ex\junit-4.12.jar;D:\gitmadang\codda\core\junitlib\lib\ex\byte-buddy-1.7.9.jar;D:\gitmadang\codda\core\junitlib\lib\ex\byte-buddy-agent-1.7.9.jar;D:\gitmadang\codda\core\junitlib\lib\ex\mockito-core-2.13.4.jar;D:\gitmadang\codda\core\junitlib\lib\ex\objenesis-2.6.jar;D:\gitmadang\codda\core\junitlib\lib\ex\commons-exec-1.3.jar;D:\gitmadang\codda\core\common\dist\codda-core-common.jar;D:\gitmadang\codda\core\common\lib\main\ex\commons-codec-1.11.jar;D:\gitmadang\codda\core\common\lib\main\ex\commons-collections4-4.1.jar;D:\gitmadang\codda\core\common\lib\main\ex\commons-io-2.6.jar;D:\gitmadang\codda\core\logger\lib\ex\slf4j-api-1.7.25.jar;D:\gitmadang\codda\core\logger\lib\ex\logback-core-1.2.3.jar;D:\gitmadang\codda\core\logger\lib\ex\logback-classic-1.2.3.jar;D:\gitmadang\codda\core\logger\lib\ex\jcl-over-slf4j-1.7.25.jar;D:\gitmadang\codda\core\common\build\test;D:\apache-ant-1.9.11\lib\ant-launcher.jar;D:\apache-ant-1.9.11\lib\ant.jar;D:\apache-ant-1.9.11\lib\ant-junit.jar;D:\apache-ant-1.9.11\lib\ant-junit4.jar" />
    <property name="ant.version" value="Apache Ant(TM) version 1.9.11 compiled on March 23 2018" />
    <property name="core.logger.jar.name" value="codda-logger.jar" />
    <property name="dir.testsrc" value="D:\gitmadang\codda\core\common\src\test\java" />
    <property name="java.vm.specification.name" value="Java Virtual Machine Specification" />
    <property name="ant.file.type" value="file" />
    <property name="java.vm.specification.version" value="1.8" />
    <property name="sun.cpu.endian" value="little" />
    <property name="sun.os.patch.level" value="" />
    <property name="dir.mainlib" value="D:\gitmadang\codda\core\common\lib\main" />
    <property name="java.io.tmpdir" value="C:\Users\user\AppData\Local\Temp\" />
    <property name="java.vendor.url.bug" value="http://bugreport.sun.com/bugreport/" />
    <property name="os.arch" value="amd64" />
    <property name="java.awt.graphicsenv" value="sun.awt.Win32GraphicsEnvironment" />
    <property name="java.ext.dirs" value="C:\Program Files\Java\jdk1.8.0_171\jre\lib\ext;C:\WINDOWS\Sun\Java\lib\ext" />
    <property name="user.dir" value="D:\gitmadang\codda\core\common" />
    <property name="line.separator" value="&#xd;&#xa;" />
    <property name="java.vm.name" value="Java HotSpot(TM) 64-Bit Server VM" />
    <property name="core.common.jar.name" value="codda-core-common.jar" />
    <property name="basedir" value="D:\gitmadang\codda\core\common" />
    <property name="ant.java.version" value="1.8" />
    <property name="ant.core.lib" value="D:\apache-ant-1.9.11\lib\ant.jar" />
    <property name="file.encoding" value="MS949" />
    <property name="sun.stderr.encoding" value="ms949" />
    <property name="java.specification.version" value="1.8" />
    <property name="ant.project.invoked-targets" value="test" />
  </properties>
  <testcase classname="kr.pe.codda.common.buildsystem.ProjectBuilderTest" name="testCreateProject_onlyWebClientBuild" time="0.533">
    <failure message="fail to parse sinnori message information xml file[D:\gitmadang\codda\project\sample_test\resources\message_info\Echo.xml], errormessage=error::the var messageInfo is null, org.xml.sax.SAXParseException; systemId: file:/D:/gitmadang/codda/project/sample_test/resources/message_info/Echo.xml; lineNumber: 14; columnNumber: 18; cvc-elt.1: &apos;sinnori_message&apos; 요소의 선언을 찾을 수 없습니다." type="junit.framework.AssertionFailedError">junit.framework.AssertionFailedError: fail to parse sinnori message information xml file[D:\gitmadang\codda\project\sample_test\resources\message_info\Echo.xml], errormessage=error::the var messageInfo is null, org.xml.sax.SAXParseException; systemId: file:/D:/gitmadang/codda/project/sample_test/resources/message_info/Echo.xml; lineNumber: 14; columnNumber: 18; cvc-elt.1: &apos;sinnori_message&apos; 요소의 선언을 찾을 수 없습니다.
	at kr.pe.codda.common.buildsystem.ProjectBuilderTest.testCreateProject_onlyWebClientBuild(ProjectBuilderTest.java:546)
</failure>
  </testcase>
  <testcase classname="kr.pe.codda.common.buildsystem.ProjectBuilderTest" name="testChangeProjectState" time="0.032">
    <failure message="fail to delete the main project path[D:\gitmadang\codda\project\sample_test], errormessage=Unable to delete file: D:\gitmadang\codda\project\sample_test\resources\message_info\Echo.xml" type="junit.framework.AssertionFailedError">junit.framework.AssertionFailedError: fail to delete the main project path[D:\gitmadang\codda\project\sample_test], errormessage=Unable to delete file: D:\gitmadang\codda\project\sample_test\resources\message_info\Echo.xml
	at kr.pe.codda.common.buildsystem.ProjectBuilderTest.testChangeProjectState(ProjectBuilderTest.java:757)
</failure>
  </testcase>
  <testcase classname="kr.pe.codda.common.buildsystem.ProjectBuilderTest" name="testConstructor_badSinnoriInstalledPath_notExist" time="0.0" />
  <testcase classname="kr.pe.codda.common.buildsystem.ProjectBuilderTest" name="testGetMainProjectBuildSystemState" time="0.033">
    <failure message="fail to delete the main project path[D:\gitmadang\codda\project\sample_test], errormessage=Unable to delete file: D:\gitmadang\codda\project\sample_test\resources\message_info\Echo.xml" type="junit.framework.AssertionFailedError">junit.framework.AssertionFailedError: fail to delete the main project path[D:\gitmadang\codda\project\sample_test], errormessage=Unable to delete file: D:\gitmadang\codda\project\sample_test\resources\message_info\Echo.xml
	at kr.pe.codda.common.buildsystem.ProjectBuilderTest.testGetMainProjectBuildSystemState(ProjectBuilderTest.java:654)
</failure>
  </testcase>
  <testcase classname="kr.pe.codda.common.buildsystem.ProjectBuilderTest" name="testConstructor_badProjectName_notDirectory" time="0.002" />
  <testcase classname="kr.pe.codda.common.buildsystem.ProjectBuilderTest" name="testConstructor_badSinnoriInstalledPath_notDirecotry" time="0.001" />
  <testcase classname="kr.pe.codda.common.buildsystem.ProjectBuilderTest" name="testCreateProject_onlyAppClientBuild" time="0.025">
    <failure message="fail to delete the main project path[D:\gitmadang\codda\project\sample_test], errormessage=Unable to delete file: D:\gitmadang\codda\project\sample_test\resources\message_info\Echo.xml" type="junit.framework.AssertionFailedError">junit.framework.AssertionFailedError: fail to delete the main project path[D:\gitmadang\codda\project\sample_test], errormessage=Unable to delete file: D:\gitmadang\codda\project\sample_test\resources\message_info\Echo.xml
	at kr.pe.codda.common.buildsystem.ProjectBuilderTest.testCreateProject_onlyAppClientBuild(ProjectBuilderTest.java:522)
</failure>
  </testcase>
  <testcase classname="kr.pe.codda.common.buildsystem.ProjectBuilderTest" name="testIsValidSeverAntBuildXMLFile" time="0.039">
    <failure message="fail to delete the main project path[D:\gitmadang\codda\project\sample_test], errormessage=Unable to delete file: D:\gitmadang\codda\project\sample_test\resources\message_info\Echo.xml" type="junit.framework.AssertionFailedError">junit.framework.AssertionFailedError: fail to delete the main project path[D:\gitmadang\codda\project\sample_test], errormessage=Unable to delete file: D:\gitmadang\codda\project\sample_test\resources\message_info\Echo.xml
	at kr.pe.codda.common.buildsystem.ProjectBuilderTest.testIsValidSeverAntBuildXMLFile(ProjectBuilderTest.java:576)
</failure>
  </testcase>
  <testcase classname="kr.pe.codda.common.buildsystem.ProjectBuilderTest" name="testWhetherOnlyProjectPathExists_projectPathNotExsitCase" time="0.0" />
  <testcase classname="kr.pe.codda.common.buildsystem.ProjectBuilderTest" name="testCreateProject_AllTypeBuild" time="0.027">
    <failure message="fail to delete the main project path[D:\gitmadang\codda\project\sample_test], errormessage=Unable to delete file: D:\gitmadang\codda\project\sample_test\resources\message_info\Echo.xml" type="junit.framework.AssertionFailedError">junit.framework.AssertionFailedError: fail to delete the main project path[D:\gitmadang\codda\project\sample_test], errormessage=Unable to delete file: D:\gitmadang\codda\project\sample_test\resources\message_info\Echo.xml
	at kr.pe.codda.common.buildsystem.ProjectBuilderTest.testCreateProject_AllTypeBuild(ProjectBuilderTest.java:309)
</failure>
  </testcase>
  <testcase classname="kr.pe.codda.common.buildsystem.ProjectBuilderTest" name="testConstructor_badProjectBasePath_notDirectory" time="0.001">
    <failure message="fail to create Sinnori installed path For Test" type="junit.framework.AssertionFailedError">junit.framework.AssertionFailedError: fail to create Sinnori installed path For Test
	at kr.pe.codda.common.buildsystem.ProjectBuilderTest.testConstructor_badProjectBasePath_notDirectory(ProjectBuilderTest.java:150)
</failure>
  </testcase>
  <testcase classname="kr.pe.codda.common.buildsystem.ProjectBuilderTest" name="testApplySinnoriInstalledPath" time="0.022">
    <failure message="fail to delete the main project path[D:\gitmadang\codda\project\sample_test], errormessage=Unable to delete file: D:\gitmadang\codda\project\sample_test\resources\message_info\Echo.xml" type="junit.framework.AssertionFailedError">junit.framework.AssertionFailedError: fail to delete the main project path[D:\gitmadang\codda\project\sample_test], errormessage=Unable to delete file: D:\gitmadang\codda\project\sample_test\resources\message_info\Echo.xml
	at kr.pe.codda.common.buildsystem.ProjectBuilderTest.testApplySinnoriInstalledPath(ProjectBuilderTest.java:844)
</failure>
  </testcase>
  <testcase classname="kr.pe.codda.common.buildsystem.ProjectBuilderTest" name="testWhetherOnlyProjectPathExists_projectPathExsitCase" time="0.0" />
  <testcase classname="kr.pe.codda.common.buildsystem.ProjectBuilderTest" name="testConstructor_badProjectBasePath_notExist" time="0.0" />
  <testcase classname="kr.pe.codda.common.buildsystem.ProjectBuilderTest" name="testCreateProject_onlyServerBuild" time="0.022">
    <failure message="fail to delete the main project path[D:\gitmadang\codda\project\sample_test], errormessage=Unable to delete file: D:\gitmadang\codda\project\sample_test\resources\message_info\Echo.xml" type="junit.framework.AssertionFailedError">junit.framework.AssertionFailedError: fail to delete the main project path[D:\gitmadang\codda\project\sample_test], errormessage=Unable to delete file: D:\gitmadang\codda\project\sample_test\resources\message_info\Echo.xml
	at kr.pe.codda.common.buildsystem.ProjectBuilderTest.testCreateProject_onlyServerBuild(ProjectBuilderTest.java:498)
</failure>
  </testcase>
  <system-out><![CDATA[INFO  2018-05-07 15:01:53.995 [main] main project[sample_test]'s child direcotry creation task start (ProjectBuilder.java:405)
INFO  2018-05-07 15:01:53.998 [main] main project[sample_test]'s common child direcotry creation task start (ProjectBuilder.java:298)
INFO  2018-05-07 15:01:54.000 [main] the new child relative direcotry[D:\gitmadang\codda\project\sample_test][config] was created successfully (CommonStaticUtil.java:343)
INFO  2018-05-07 15:01:54.001 [main] the new child relative direcotry[D:\gitmadang\codda\project\sample_test][resources/dbcp] was created successfully (CommonStaticUtil.java:343)
INFO  2018-05-07 15:01:54.002 [main] the new child relative direcotry[D:\gitmadang\codda\project\sample_test][resources/message_info] was created successfully (CommonStaticUtil.java:343)
INFO  2018-05-07 15:01:54.007 [main] the new child relative direcotry[D:\gitmadang\codda\project\sample_test][resources/rsa_keypair] was created successfully (CommonStaticUtil.java:343)
INFO  2018-05-07 15:01:54.008 [main] the new child relative direcotry[D:\gitmadang\codda\project\sample_test][log/apache] was created successfully (CommonStaticUtil.java:343)
INFO  2018-05-07 15:01:54.009 [main] the new child relative direcotry[D:\gitmadang\codda\project\sample_test][log/client] was created successfully (CommonStaticUtil.java:343)
INFO  2018-05-07 15:01:54.010 [main] the new child relative direcotry[D:\gitmadang\codda\project\sample_test][log/server] was created successfully (CommonStaticUtil.java:343)
INFO  2018-05-07 15:01:54.011 [main] the new child relative direcotry[D:\gitmadang\codda\project\sample_test][log/servlet] was created successfully (CommonStaticUtil.java:343)
INFO  2018-05-07 15:01:54.012 [main] main project[sample_test]'s common child direcotry creation task end (ProjectBuilder.java:313)
INFO  2018-05-07 15:01:54.012 [main] main project[sample_test]'s web build child direcotry creation task start (ProjectBuilder.java:365)
INFO  2018-05-07 15:01:54.016 [main] the new child relative direcotry[D:\gitmadang\codda\project\sample_test][client_build/web_build/corelib/ex] was created successfully (CommonStaticUtil.java:343)
INFO  2018-05-07 15:01:54.017 [main] the new child relative direcotry[D:\gitmadang\codda\project\sample_test][client_build/web_build/corelib/in] was created successfully (CommonStaticUtil.java:343)
INFO  2018-05-07 15:01:54.019 [main] the new child relative direcotry[D:\gitmadang\codda\project\sample_test][client_build/web_build/lib/main/ex] was created successfully (CommonStaticUtil.java:343)
INFO  2018-05-07 15:01:54.020 [main] the new child relative direcotry[D:\gitmadang\codda\project\sample_test][client_build/web_build/lib/main/in] was created successfully (CommonStaticUtil.java:343)
INFO  2018-05-07 15:01:54.021 [main] the new child relative direcotry[D:\gitmadang\codda\project\sample_test][client_build/web_build/lib/test] was created successfully (CommonStaticUtil.java:343)
INFO  2018-05-07 15:01:54.026 [main] the new child relative direcotry[D:\gitmadang\codda\project\sample_test][client_build/web_build/src/main/java/kr/pe/sinnori/impl/message] was created successfully (CommonStaticUtil.java:343)
INFO  2018-05-07 15:01:54.027 [main] the new child relative direcotry[D:\gitmadang\codda\project\sample_test][client_build/web_build/src/main/java//kr/pe/sinnori/servlet] was created successfully (CommonStaticUtil.java:343)
INFO  2018-05-07 15:01:54.028 [main] the new child relative direcotry[D:\gitmadang\codda\project\sample_test][client_build/web_build/src/main/java/kr/pe/sinnori/weblib/common] was created successfully (CommonStaticUtil.java:343)
INFO  2018-05-07 15:01:54.029 [main] the new child relative direcotry[D:\gitmadang\codda\project\sample_test][client_build/web_build/src/main/java/kr/pe/sinnori/weblib/htmlstring] was created successfully (CommonStaticUtil.java:343)
INFO  2018-05-07 15:01:54.030 [main] the new child relative direcotry[D:\gitmadang\codda\project\sample_test][client_build/web_build/src/main/java/kr/pe/sinnori/weblib/jdf] was created successfully (CommonStaticUtil.java:343)
INFO  2018-05-07 15:01:54.031 [main] the new child relative direcotry[D:\gitmadang\codda\project\sample_test][client_build/web_build/src/test/java] was created successfully (CommonStaticUtil.java:343)
INFO  2018-05-07 15:01:54.082 [main] the new child relative direcotry[D:\gitmadang\codda\project\sample_test][client_build/web_build/build] was created successfully (CommonStaticUtil.java:343)
INFO  2018-05-07 15:01:54.084 [main] the new child relative direcotry[D:\gitmadang\codda\project\sample_test][client_build/web_build/dist] was created successfully (CommonStaticUtil.java:343)
INFO  2018-05-07 15:01:54.085 [main] main project[sample_test]'s web build child direcotry creation task end (ProjectBuilder.java:386)
INFO  2018-05-07 15:01:54.086 [main] main project[sample_test]'s web root child direcotry creation task start (ProjectBuilder.java:390)
INFO  2018-05-07 15:01:54.087 [main] the new child relative direcotry[D:\gitmadang\codda\project\sample_test][web_app_base/upload] was created successfully (CommonStaticUtil.java:343)
INFO  2018-05-07 15:01:54.089 [main] the new child relative direcotry[D:\gitmadang\codda\project\sample_test][web_app_base/ROOT/WEB-INF/classes] was created successfully (CommonStaticUtil.java:343)
INFO  2018-05-07 15:01:54.089 [main] the new child relative direcotry[D:\gitmadang\codda\project\sample_test][web_app_base/ROOT/WEB-INF/lib] was created successfully (CommonStaticUtil.java:343)
INFO  2018-05-07 15:01:54.090 [main] main project[sample_test]'s web root child direcotry creation task end (ProjectBuilder.java:400)
INFO  2018-05-07 15:01:54.091 [main] main project[sample_test]'s child direcotry creation task end (ProjectBuilder.java:424)
INFO  2018-05-07 15:01:54.092 [main] main project[sample_test]'s file creation task start (ProjectBuilder.java:429)
INFO  2018-05-07 15:01:54.092 [main] main project[sample_test]'s config file creation task start (ProjectBuilder.java:1382)
INFO  2018-05-07 15:01:54.126 [main] the sequenced properties file[D:\gitmadang\codda\project\sample_test\config\codda.properties] was created (SequencedPropertiesUtil.java:64)
INFO  2018-05-07 15:01:54.136 [main] main project[sample_test]'s config file creation task end (ProjectBuilder.java:1404)
INFO  2018-05-07 15:01:54.137 [main] the mainproject[sample_test]'s resources directory copy task start (ProjectBuilder.java:454)
INFO  2018-05-07 15:01:54.196 [main] the mainproject[sample_test]'s resources directory copy task end (ProjectBuilder.java:484)
INFO  2018-05-07 15:01:54.197 [main] main project[sample_test]'s web client build system files creation task start (ProjectBuilder.java:488)
INFO  2018-05-07 15:01:54.197 [main] main project[sample_test]'s web client ant build.xml file creation task start (ProjectBuilder.java:586)
INFO  2018-05-07 15:01:54.204 [main] main project[sample_test]'s web client ant build.xml file creation task end (ProjectBuilder.java:610)
INFO  2018-05-07 15:01:54.204 [main] main project[sample_test]'s web client ant properties file creation task start (ProjectBuilder.java:1409)
INFO  2018-05-07 15:01:54.205 [main] the sequenced properties file[D:\gitmadang\codda\project\sample_test\client_build\web_build\webAnt.properties] was created (SequencedPropertiesUtil.java:64)
INFO  2018-05-07 15:01:54.209 [main] main project[sample_test]'s web client ant properties file creation task end (ProjectBuilder.java:1460)
INFO  2018-05-07 15:01:54.209 [main] main project[sample_test]'s web client message io file set creation task start (ProjectBuilder.java:614)
INFO  2018-05-07 15:01:54.210 [main] the new child relative direcotry[D:\gitmadang\codda\project\sample_test\client_build\web_build\src\main\java\kr\pe\sinnori\impl\message][Echo] was created successfully (CommonStaticUtil.java:343)
INFO  2018-05-07 15:01:54.210 [main] main project[sample_test]'s message file[Echo][D:\gitmadang\codda\project\sample_test\client_build\web_build\src\main\java\kr\pe\sinnori\impl\message] creation task start (ProjectBuilder.java:1008)
INFO  2018-05-07 15:01:54.317 [main] the sinnori message information .xsl temporary file[C:\Users\user\AppData\Local\Temp\SinnoriMsgXSL7385560647838984084.tmp] was created successfully (SingleItemTypeManger.java:233)
WARN  2018-05-07 15:01:54.409 [main] fail to parse sinnori message information xml file[D:\gitmadang\codda\project\sample_test\resources\message_info\Echo.xml] (ProjectBuilder.java:999)
org.xml.sax.SAXException error::the var messageInfo is null, org.xml.sax.SAXParseException; systemId: file:/D:/gitmadang/codda/project/sample_test/resources/message_info/Echo.xml; lineNumber: 14; columnNumber: 18; cvc-elt.1: 'sinnori_message' 요소의 선언을 찾을 수 없습니다.
	at kr.pe.codda.common.message.builder.info.MessageInfoSAXParser.error(MessageInfoSAXParser.java:401)
	at com.sun.org.apache.xerces.internal.util.ErrorHandlerWrapper.error(ErrorHandlerWrapper.java:137)
	at com.sun.org.apache.xerces.internal.impl.XMLErrorReporter.reportError(XMLErrorReporter.java:396)
	at com.sun.org.apache.xerces.internal.impl.XMLErrorReporter.reportError(XMLErrorReporter.java:327)
	at com.sun.org.apache.xerces.internal.impl.XMLErrorReporter.reportError(XMLErrorReporter.java:284)
	at com.sun.org.apache.xerces.internal.impl.xs.XMLSchemaValidator.handleStartElement(XMLSchemaValidator.java:1901)
	at com.sun.org.apache.xerces.internal.impl.xs.XMLSchemaValidator.startElement(XMLSchemaValidator.java:741)
	at com.sun.org.apache.xerces.internal.impl.XMLNSDocumentScannerImpl.scanStartElement(XMLNSDocumentScannerImpl.java:374)
	at com.sun.org.apache.xerces.internal.impl.XMLNSDocumentScannerImpl$NSContentDriver.scanRootElementHook(XMLNSDocumentScannerImpl.java:613)
	at com.sun.org.apache.xerces.internal.impl.XMLDocumentFragmentScannerImpl$FragmentContentDriver.next(XMLDocumentFragmentScannerImpl.java:3132)
	at com.sun.org.apache.xerces.internal.impl.XMLDocumentScannerImpl$PrologDriver.next(XMLDocumentScannerImpl.java:852)
	at com.sun.org.apache.xerces.internal.impl.XMLDocumentScannerImpl.next(XMLDocumentScannerImpl.java:602)
	at com.sun.org.apache.xerces.internal.impl.XMLNSDocumentScannerImpl.next(XMLNSDocumentScannerImpl.java:112)
	at com.sun.org.apache.xerces.internal.impl.XMLDocumentFragmentScannerImpl.scanDocument(XMLDocumentFragmentScannerImpl.java:505)
	at com.sun.org.apache.xerces.internal.parsers.XML11Configuration.parse(XML11Configuration.java:842)
	at com.sun.org.apache.xerces.internal.parsers.XML11Configuration.parse(XML11Configuration.java:771)
	at com.sun.org.apache.xerces.internal.parsers.XMLParser.parse(XMLParser.java:141)
	at com.sun.org.apache.xerces.internal.parsers.AbstractSAXParser.parse(AbstractSAXParser.java:1213)
	at com.sun.org.apache.xerces.internal.jaxp.SAXParserImpl$JAXPSAXParser.parse(SAXParserImpl.java:643)
	at com.sun.org.apache.xerces.internal.jaxp.SAXParserImpl.parse(SAXParserImpl.java:327)
	at javax.xml.parsers.SAXParser.parse(SAXParser.java:328)
	at kr.pe.codda.common.message.builder.info.MessageInfoSAXParser.parse(MessageInfoSAXParser.java:455)
	at kr.pe.codda.common.buildsystem.ProjectBuilder.getMessageInfo(ProjectBuilder.java:995)
	at kr.pe.codda.common.buildsystem.ProjectBuilder.createNewMessageSourceFile(ProjectBuilder.java:1011)
	at kr.pe.codda.common.buildsystem.ProjectBuilder.createNewMessageIOSet(ProjectBuilder.java:913)
	at kr.pe.codda.common.buildsystem.ProjectBuilder.createNewWebClientMessageIOFileSet(ProjectBuilder.java:625)
	at kr.pe.codda.common.buildsystem.ProjectBuilder.createWebClientBuildSystemFiles(ProjectBuilder.java:496)
	at kr.pe.codda.common.buildsystem.ProjectBuilder.createFiles(ProjectBuilder.java:447)
	at kr.pe.codda.common.buildsystem.ProjectBuilder.createProject(ProjectBuilder.java:294)
	at kr.pe.codda.common.buildsystem.ProjectBuilderTest.testCreateProject_onlyWebClientBuild(ProjectBuilderTest.java:543)
	at sun.reflect.NativeMethodAccessorImpl.invoke0(Native Method)
	at sun.reflect.NativeMethodAccessorImpl.invoke(NativeMethodAccessorImpl.java:62)
	at sun.reflect.DelegatingMethodAccessorImpl.invoke(DelegatingMethodAccessorImpl.java:43)
	at java.lang.reflect.Method.invoke(Method.java:498)
	at org.junit.runners.model.FrameworkMethod$1.runReflectiveCall(FrameworkMethod.java:50)
	at org.junit.internal.runners.model.ReflectiveCallable.run(ReflectiveCallable.java:12)
	at org.junit.runners.model.FrameworkMethod.invokeExplosively(FrameworkMethod.java:47)
	at org.junit.internal.runners.statements.InvokeMethod.evaluate(InvokeMethod.java:17)
	at org.junit.internal.runners.statements.RunBefores.evaluate(RunBefores.java:26)
	at org.junit.internal.runners.statements.RunAfters.evaluate(RunAfters.java:27)
	at org.junit.runners.ParentRunner.runLeaf(ParentRunner.java:325)
	at org.junit.runners.BlockJUnit4ClassRunner.runChild(BlockJUnit4ClassRunner.java:78)
	at org.junit.runners.BlockJUnit4ClassRunner.runChild(BlockJUnit4ClassRunner.java:57)
	at org.junit.runners.ParentRunner$3.run(ParentRunner.java:290)
	at org.junit.runners.ParentRunner$1.schedule(ParentRunner.java:71)
	at org.junit.runners.ParentRunner.runChildren(ParentRunner.java:288)
	at org.junit.runners.ParentRunner.access$000(ParentRunner.java:58)
	at org.junit.runners.ParentRunner$2.evaluate(ParentRunner.java:268)
	at org.junit.internal.runners.statements.RunBefores.evaluate(RunBefores.java:26)
	at org.junit.internal.runners.statements.RunAfters.evaluate(RunAfters.java:27)
	at org.junit.runners.ParentRunner.run(ParentRunner.java:363)
	at junit.framework.JUnit4TestAdapter.run(JUnit4TestAdapter.java:38)
	at org.apache.tools.ant.taskdefs.optional.junit.JUnitTestRunner.run(JUnitTestRunner.java:538)
	at org.apache.tools.ant.taskdefs.optional.junit.JUnitTestRunner.launch(JUnitTestRunner.java:1187)
	at org.apache.tools.ant.taskdefs.optional.junit.JUnitTestRunner.main(JUnitTestRunner.java:1039)
WARN  2018-05-07 15:01:54.440 [main] fail to parse sinnori message information xml file[D:\gitmadang\codda\project\sample_test\resources\message_info\Echo.xml], errormessage=error::the var messageInfo is null, org.xml.sax.SAXParseException; systemId: file:/D:/gitmadang/codda/project/sample_test/resources/message_info/Echo.xml; lineNumber: 14; columnNumber: 18; cvc-elt.1: 'sinnori_message' 요소의 선언을 찾을 수 없습니다. (ProjectBuilderTest.java:545)
kr.pe.codda.common.exception.BuildSystemException fail to parse sinnori message information xml file[D:\gitmadang\codda\project\sample_test\resources\message_info\Echo.xml], errormessage=error::the var messageInfo is null, org.xml.sax.SAXParseException; systemId: file:/D:/gitmadang/codda/project/sample_test/resources/message_info/Echo.xml; lineNumber: 14; columnNumber: 18; cvc-elt.1: 'sinnori_message' 요소의 선언을 찾을 수 없습니다.
	at kr.pe.codda.common.buildsystem.ProjectBuilder.getMessageInfo(ProjectBuilder.java:1001)
	at kr.pe.codda.common.buildsystem.ProjectBuilder.createNewMessageSourceFile(ProjectBuilder.java:1011)
	at kr.pe.codda.common.buildsystem.ProjectBuilder.createNewMessageIOSet(ProjectBuilder.java:913)
	at kr.pe.codda.common.buildsystem.ProjectBuilder.createNewWebClientMessageIOFileSet(ProjectBuilder.java:625)
	at kr.pe.codda.common.buildsystem.ProjectBuilder.createWebClientBuildSystemFiles(ProjectBuilder.java:496)
	at kr.pe.codda.common.buildsystem.ProjectBuilder.createFiles(ProjectBuilder.java:447)
	at kr.pe.codda.common.buildsystem.ProjectBuilder.createProject(ProjectBuilder.java:294)
	at kr.pe.codda.common.buildsystem.ProjectBuilderTest.testCreateProject_onlyWebClientBuild(ProjectBuilderTest.java:543)
	at sun.reflect.NativeMethodAccessorImpl.invoke0(Native Method)
	at sun.reflect.NativeMethodAccessorImpl.invoke(NativeMethodAccessorImpl.java:62)
	at sun.reflect.DelegatingMethodAccessorImpl.invoke(DelegatingMethodAccessorImpl.java:43)
	at java.lang.reflect.Method.invoke(Method.java:498)
	at org.junit.runners.model.FrameworkMethod$1.runReflectiveCall(FrameworkMethod.java:50)
	at org.junit.internal.runners.model.ReflectiveCallable.run(ReflectiveCallable.java:12)
	at org.junit.runners.model.FrameworkMethod.invokeExplosively(FrameworkMethod.java:47)
	at org.junit.internal.runners.statements.InvokeMethod.evaluate(InvokeMethod.java:17)
	at org.junit.internal.runners.statements.RunBefores.evaluate(RunBefores.java:26)
	at org.junit.internal.runners.statements.RunAfters.evaluate(RunAfters.java:27)
	at org.junit.runners.ParentRunner.runLeaf(ParentRunner.java:325)
	at org.junit.runners.BlockJUnit4ClassRunner.runChild(BlockJUnit4ClassRunner.java:78)
	at org.junit.runners.BlockJUnit4ClassRunner.runChild(BlockJUnit4ClassRunner.java:57)
	at org.junit.runners.ParentRunner$3.run(ParentRunner.java:290)
	at org.junit.runners.ParentRunner$1.schedule(ParentRunner.java:71)
	at org.junit.runners.ParentRunner.runChildren(ParentRunner.java:288)
	at org.junit.runners.ParentRunner.access$000(ParentRunner.java:58)
	at org.junit.runners.ParentRunner$2.evaluate(ParentRunner.java:268)
	at org.junit.internal.runners.statements.RunBefores.evaluate(RunBefores.java:26)
	at org.junit.internal.runners.statements.RunAfters.evaluate(RunAfters.java:27)
	at org.junit.runners.ParentRunner.run(ParentRunner.java:363)
	at junit.framework.JUnit4TestAdapter.run(JUnit4TestAdapter.java:38)
	at org.apache.tools.ant.taskdefs.optional.junit.JUnitTestRunner.run(JUnitTestRunner.java:538)
	at org.apache.tools.ant.taskdefs.optional.junit.JUnitTestRunner.launch(JUnitTestRunner.java:1187)
	at org.apache.tools.ant.taskdefs.optional.junit.JUnitTestRunner.main(JUnitTestRunner.java:1039)
WARN  2018-05-07 15:01:54.467 [main] fail to delete the main project path[D:\gitmadang\codda\project\sample_test] (ProjectBuilder.java:1800)
java.io.IOException Unable to delete file: D:\gitmadang\codda\project\sample_test\resources\message_info\Echo.xml
	at org.apache.commons.io.FileUtils.forceDelete(FileUtils.java:2400)
	at org.apache.commons.io.FileUtils.cleanDirectory(FileUtils.java:1721)
	at org.apache.commons.io.FileUtils.deleteDirectory(FileUtils.java:1617)
	at org.apache.commons.io.FileUtils.forceDelete(FileUtils.java:2391)
	at org.apache.commons.io.FileUtils.cleanDirectory(FileUtils.java:1721)
	at org.apache.commons.io.FileUtils.deleteDirectory(FileUtils.java:1617)
	at org.apache.commons.io.FileUtils.forceDelete(FileUtils.java:2391)
	at org.apache.commons.io.FileUtils.cleanDirectory(FileUtils.java:1721)
	at org.apache.commons.io.FileUtils.deleteDirectory(FileUtils.java:1617)
	at org.apache.commons.io.FileUtils.forceDelete(FileUtils.java:2391)
	at kr.pe.codda.common.buildsystem.ProjectBuilder.dropProject(ProjectBuilder.java:1794)
	at kr.pe.codda.common.buildsystem.ProjectBuilderTest.testChangeProjectState(ProjectBuilderTest.java:685)
	at sun.reflect.NativeMethodAccessorImpl.invoke0(Native Method)
	at sun.reflect.NativeMethodAccessorImpl.invoke(NativeMethodAccessorImpl.java:62)
	at sun.reflect.DelegatingMethodAccessorImpl.invoke(DelegatingMethodAccessorImpl.java:43)
	at java.lang.reflect.Method.invoke(Method.java:498)
	at org.junit.runners.model.FrameworkMethod$1.runReflectiveCall(FrameworkMethod.java:50)
	at org.junit.internal.runners.model.ReflectiveCallable.run(ReflectiveCallable.java:12)
	at org.junit.runners.model.FrameworkMethod.invokeExplosively(FrameworkMethod.java:47)
	at org.junit.internal.runners.statements.InvokeMethod.evaluate(InvokeMethod.java:17)
	at org.junit.internal.runners.statements.RunBefores.evaluate(RunBefores.java:26)
	at org.junit.internal.runners.statements.RunAfters.evaluate(RunAfters.java:27)
	at org.junit.runners.ParentRunner.runLeaf(ParentRunner.java:325)
	at org.junit.runners.BlockJUnit4ClassRunner.runChild(BlockJUnit4ClassRunner.java:78)
	at org.junit.runners.BlockJUnit4ClassRunner.runChild(BlockJUnit4ClassRunner.java:57)
	at org.junit.runners.ParentRunner$3.run(ParentRunner.java:290)
	at org.junit.runners.ParentRunner$1.schedule(ParentRunner.java:71)
	at org.junit.runners.ParentRunner.runChildren(ParentRunner.java:288)
	at org.junit.runners.ParentRunner.access$000(ParentRunner.java:58)
	at org.junit.runners.ParentRunner$2.evaluate(ParentRunner.java:268)
	at org.junit.internal.runners.statements.RunBefores.evaluate(RunBefores.java:26)
	at org.junit.internal.runners.statements.RunAfters.evaluate(RunAfters.java:27)
	at org.junit.runners.ParentRunner.run(ParentRunner.java:363)
	at junit.framework.JUnit4TestAdapter.run(JUnit4TestAdapter.java:38)
	at org.apache.tools.ant.taskdefs.optional.junit.JUnitTestRunner.run(JUnitTestRunner.java:538)
	at org.apache.tools.ant.taskdefs.optional.junit.JUnitTestRunner.launch(JUnitTestRunner.java:1187)
	at org.apache.tools.ant.taskdefs.optional.junit.JUnitTestRunner.main(JUnitTestRunner.java:1039)
WARN  2018-05-07 15:01:54.482 [main] fail to delete the main project path[D:\gitmadang\codda\project\sample_test], errormessage=Unable to delete file: D:\gitmadang\codda\project\sample_test\resources\message_info\Echo.xml (ProjectBuilderTest.java:756)
kr.pe.codda.common.exception.BuildSystemException fail to delete the main project path[D:\gitmadang\codda\project\sample_test], errormessage=Unable to delete file: D:\gitmadang\codda\project\sample_test\resources\message_info\Echo.xml
	at kr.pe.codda.common.buildsystem.ProjectBuilder.dropProject(ProjectBuilder.java:1802)
	at kr.pe.codda.common.buildsystem.ProjectBuilderTest.testChangeProjectState(ProjectBuilderTest.java:685)
	at sun.reflect.NativeMethodAccessorImpl.invoke0(Native Method)
	at sun.reflect.NativeMethodAccessorImpl.invoke(NativeMethodAccessorImpl.java:62)
	at sun.reflect.DelegatingMethodAccessorImpl.invoke(DelegatingMethodAccessorImpl.java:43)
	at java.lang.reflect.Method.invoke(Method.java:498)
	at org.junit.runners.model.FrameworkMethod$1.runReflectiveCall(FrameworkMethod.java:50)
	at org.junit.internal.runners.model.ReflectiveCallable.run(ReflectiveCallable.java:12)
	at org.junit.runners.model.FrameworkMethod.invokeExplosively(FrameworkMethod.java:47)
	at org.junit.internal.runners.statements.InvokeMethod.evaluate(InvokeMethod.java:17)
	at org.junit.internal.runners.statements.RunBefores.evaluate(RunBefores.java:26)
	at org.junit.internal.runners.statements.RunAfters.evaluate(RunAfters.java:27)
	at org.junit.runners.ParentRunner.runLeaf(ParentRunner.java:325)
	at org.junit.runners.BlockJUnit4ClassRunner.runChild(BlockJUnit4ClassRunner.java:78)
	at org.junit.runners.BlockJUnit4ClassRunner.runChild(BlockJUnit4ClassRunner.java:57)
	at org.junit.runners.ParentRunner$3.run(ParentRunner.java:290)
	at org.junit.runners.ParentRunner$1.schedule(ParentRunner.java:71)
	at org.junit.runners.ParentRunner.runChildren(ParentRunner.java:288)
	at org.junit.runners.ParentRunner.access$000(ParentRunner.java:58)
	at org.junit.runners.ParentRunner$2.evaluate(ParentRunner.java:268)
	at org.junit.internal.runners.statements.RunBefores.evaluate(RunBefores.java:26)
	at org.junit.internal.runners.statements.RunAfters.evaluate(RunAfters.java:27)
	at org.junit.runners.ParentRunner.run(ParentRunner.java:363)
	at junit.framework.JUnit4TestAdapter.run(JUnit4TestAdapter.java:38)
	at org.apache.tools.ant.taskdefs.optional.junit.JUnitTestRunner.run(JUnitTestRunner.java:538)
	at org.apache.tools.ant.taskdefs.optional.junit.JUnitTestRunner.launch(JUnitTestRunner.java:1187)
	at org.apache.tools.ant.taskdefs.optional.junit.JUnitTestRunner.main(JUnitTestRunner.java:1039)
WARN  2018-05-07 15:01:54.498 [main] fail to delete the main project path[D:\gitmadang\codda\project\sample_test] (ProjectBuilder.java:1800)
java.io.IOException Unable to delete file: D:\gitmadang\codda\project\sample_test\resources\message_info\Echo.xml
	at org.apache.commons.io.FileUtils.forceDelete(FileUtils.java:2400)
	at org.apache.commons.io.FileUtils.cleanDirectory(FileUtils.java:1721)
	at org.apache.commons.io.FileUtils.deleteDirectory(FileUtils.java:1617)
	at org.apache.commons.io.FileUtils.forceDelete(FileUtils.java:2391)
	at org.apache.commons.io.FileUtils.cleanDirectory(FileUtils.java:1721)
	at org.apache.commons.io.FileUtils.deleteDirectory(FileUtils.java:1617)
	at org.apache.commons.io.FileUtils.forceDelete(FileUtils.java:2391)
	at org.apache.commons.io.FileUtils.cleanDirectory(FileUtils.java:1721)
	at org.apache.commons.io.FileUtils.deleteDirectory(FileUtils.java:1617)
	at org.apache.commons.io.FileUtils.forceDelete(FileUtils.java:2391)
	at kr.pe.codda.common.buildsystem.ProjectBuilder.dropProject(ProjectBuilder.java:1794)
	at kr.pe.codda.common.buildsystem.ProjectBuilderTest.testGetMainProjectBuildSystemState(ProjectBuilderTest.java:609)
	at sun.reflect.NativeMethodAccessorImpl.invoke0(Native Method)
	at sun.reflect.NativeMethodAccessorImpl.invoke(NativeMethodAccessorImpl.java:62)
	at sun.reflect.DelegatingMethodAccessorImpl.invoke(DelegatingMethodAccessorImpl.java:43)
	at java.lang.reflect.Method.invoke(Method.java:498)
	at org.junit.runners.model.FrameworkMethod$1.runReflectiveCall(FrameworkMethod.java:50)
	at org.junit.internal.runners.model.ReflectiveCallable.run(ReflectiveCallable.java:12)
	at org.junit.runners.model.FrameworkMethod.invokeExplosively(FrameworkMethod.java:47)
	at org.junit.internal.runners.statements.InvokeMethod.evaluate(InvokeMethod.java:17)
	at org.junit.internal.runners.statements.RunBefores.evaluate(RunBefores.java:26)
	at org.junit.internal.runners.statements.RunAfters.evaluate(RunAfters.java:27)
	at org.junit.runners.ParentRunner.runLeaf(ParentRunner.java:325)
	at org.junit.runners.BlockJUnit4ClassRunner.runChild(BlockJUnit4ClassRunner.java:78)
	at org.junit.runners.BlockJUnit4ClassRunner.runChild(BlockJUnit4ClassRunner.java:57)
	at org.junit.runners.ParentRunner$3.run(ParentRunner.java:290)
	at org.junit.runners.ParentRunner$1.schedule(ParentRunner.java:71)
	at org.junit.runners.ParentRunner.runChildren(ParentRunner.java:288)
	at org.junit.runners.ParentRunner.access$000(ParentRunner.java:58)
	at org.junit.runners.ParentRunner$2.evaluate(ParentRunner.java:268)
	at org.junit.internal.runners.statements.RunBefores.evaluate(RunBefores.java:26)
	at org.junit.internal.runners.statements.RunAfters.evaluate(RunAfters.java:27)
	at org.junit.runners.ParentRunner.run(ParentRunner.java:363)
	at junit.framework.JUnit4TestAdapter.run(JUnit4TestAdapter.java:38)
	at org.apache.tools.ant.taskdefs.optional.junit.JUnitTestRunner.run(JUnitTestRunner.java:538)
	at org.apache.tools.ant.taskdefs.optional.junit.JUnitTestRunner.launch(JUnitTestRunner.java:1187)
	at org.apache.tools.ant.taskdefs.optional.junit.JUnitTestRunner.main(JUnitTestRunner.java:1039)
WARN  2018-05-07 15:01:54.528 [main] fail to delete the main project path[D:\gitmadang\codda\project\sample_test], errormessage=Unable to delete file: D:\gitmadang\codda\project\sample_test\resources\message_info\Echo.xml (ProjectBuilderTest.java:653)
kr.pe.codda.common.exception.BuildSystemException fail to delete the main project path[D:\gitmadang\codda\project\sample_test], errormessage=Unable to delete file: D:\gitmadang\codda\project\sample_test\resources\message_info\Echo.xml
	at kr.pe.codda.common.buildsystem.ProjectBuilder.dropProject(ProjectBuilder.java:1802)
	at kr.pe.codda.common.buildsystem.ProjectBuilderTest.testGetMainProjectBuildSystemState(ProjectBuilderTest.java:609)
	at sun.reflect.NativeMethodAccessorImpl.invoke0(Native Method)
	at sun.reflect.NativeMethodAccessorImpl.invoke(NativeMethodAccessorImpl.java:62)
	at sun.reflect.DelegatingMethodAccessorImpl.invoke(DelegatingMethodAccessorImpl.java:43)
	at java.lang.reflect.Method.invoke(Method.java:498)
	at org.junit.runners.model.FrameworkMethod$1.runReflectiveCall(FrameworkMethod.java:50)
	at org.junit.internal.runners.model.ReflectiveCallable.run(ReflectiveCallable.java:12)
	at org.junit.runners.model.FrameworkMethod.invokeExplosively(FrameworkMethod.java:47)
	at org.junit.internal.runners.statements.InvokeMethod.evaluate(InvokeMethod.java:17)
	at org.junit.internal.runners.statements.RunBefores.evaluate(RunBefores.java:26)
	at org.junit.internal.runners.statements.RunAfters.evaluate(RunAfters.java:27)
	at org.junit.runners.ParentRunner.runLeaf(ParentRunner.java:325)
	at org.junit.runners.BlockJUnit4ClassRunner.runChild(BlockJUnit4ClassRunner.java:78)
	at org.junit.runners.BlockJUnit4ClassRunner.runChild(BlockJUnit4ClassRunner.java:57)
	at org.junit.runners.ParentRunner$3.run(ParentRunner.java:290)
	at org.junit.runners.ParentRunner$1.schedule(ParentRunner.java:71)
	at org.junit.runners.ParentRunner.runChildren(ParentRunner.java:288)
	at org.junit.runners.ParentRunner.access$000(ParentRunner.java:58)
	at org.junit.runners.ParentRunner$2.evaluate(ParentRunner.java:268)
	at org.junit.internal.runners.statements.RunBefores.evaluate(RunBefores.java:26)
	at org.junit.internal.runners.statements.RunAfters.evaluate(RunAfters.java:27)
	at org.junit.runners.ParentRunner.run(ParentRunner.java:363)
	at junit.framework.JUnit4TestAdapter.run(JUnit4TestAdapter.java:38)
	at org.apache.tools.ant.taskdefs.optional.junit.JUnitTestRunner.run(JUnitTestRunner.java:538)
	at org.apache.tools.ant.taskdefs.optional.junit.JUnitTestRunner.launch(JUnitTestRunner.java:1187)
	at org.apache.tools.ant.taskdefs.optional.junit.JUnitTestRunner.main(JUnitTestRunner.java:1039)
WARN  2018-05-07 15:01:54.553 [main] fail to delete the main project path[D:\gitmadang\codda\project\sample_test] (ProjectBuilder.java:1800)
java.io.IOException Unable to delete file: D:\gitmadang\codda\project\sample_test\resources\message_info\Echo.xml
	at org.apache.commons.io.FileUtils.forceDelete(FileUtils.java:2400)
	at org.apache.commons.io.FileUtils.cleanDirectory(FileUtils.java:1721)
	at org.apache.commons.io.FileUtils.deleteDirectory(FileUtils.java:1617)
	at org.apache.commons.io.FileUtils.forceDelete(FileUtils.java:2391)
	at org.apache.commons.io.FileUtils.cleanDirectory(FileUtils.java:1721)
	at org.apache.commons.io.FileUtils.deleteDirectory(FileUtils.java:1617)
	at org.apache.commons.io.FileUtils.forceDelete(FileUtils.java:2391)
	at org.apache.commons.io.FileUtils.cleanDirectory(FileUtils.java:1721)
	at org.apache.commons.io.FileUtils.deleteDirectory(FileUtils.java:1617)
	at org.apache.commons.io.FileUtils.forceDelete(FileUtils.java:2391)
	at kr.pe.codda.common.buildsystem.ProjectBuilder.dropProject(ProjectBuilder.java:1794)
	at kr.pe.codda.common.buildsystem.ProjectBuilderTest.testCreateProject_onlyAppClientBuild(ProjectBuilderTest.java:511)
	at sun.reflect.NativeMethodAccessorImpl.invoke0(Native Method)
	at sun.reflect.NativeMethodAccessorImpl.invoke(NativeMethodAccessorImpl.java:62)
	at sun.reflect.DelegatingMethodAccessorImpl.invoke(DelegatingMethodAccessorImpl.java:43)
	at java.lang.reflect.Method.invoke(Method.java:498)
	at org.junit.runners.model.FrameworkMethod$1.runReflectiveCall(FrameworkMethod.java:50)
	at org.junit.internal.runners.model.ReflectiveCallable.run(ReflectiveCallable.java:12)
	at org.junit.runners.model.FrameworkMethod.invokeExplosively(FrameworkMethod.java:47)
	at org.junit.internal.runners.statements.InvokeMethod.evaluate(InvokeMethod.java:17)
	at org.junit.internal.runners.statements.RunBefores.evaluate(RunBefores.java:26)
	at org.junit.internal.runners.statements.RunAfters.evaluate(RunAfters.java:27)
	at org.junit.runners.ParentRunner.runLeaf(ParentRunner.java:325)
	at org.junit.runners.BlockJUnit4ClassRunner.runChild(BlockJUnit4ClassRunner.java:78)
	at org.junit.runners.BlockJUnit4ClassRunner.runChild(BlockJUnit4ClassRunner.java:57)
	at org.junit.runners.ParentRunner$3.run(ParentRunner.java:290)
	at org.junit.runners.ParentRunner$1.schedule(ParentRunner.java:71)
	at org.junit.runners.ParentRunner.runChildren(ParentRunner.java:288)
	at org.junit.runners.ParentRunner.access$000(ParentRunner.java:58)
	at org.junit.runners.ParentRunner$2.evaluate(ParentRunner.java:268)
	at org.junit.internal.runners.statements.RunBefores.evaluate(RunBefores.java:26)
	at org.junit.internal.runners.statements.RunAfters.evaluate(RunAfters.java:27)
	at org.junit.runners.ParentRunner.run(ParentRunner.java:363)
	at junit.framework.JUnit4TestAdapter.run(JUnit4TestAdapter.java:38)
	at org.apache.tools.ant.taskdefs.optional.junit.JUnitTestRunner.run(JUnitTestRunner.java:538)
	at org.apache.tools.ant.taskdefs.optional.junit.JUnitTestRunner.launch(JUnitTestRunner.java:1187)
	at org.apache.tools.ant.taskdefs.optional.junit.JUnitTestRunner.main(JUnitTestRunner.java:1039)
WARN  2018-05-07 15:01:54.576 [main] fail to delete the main project path[D:\gitmadang\codda\project\sample_test], errormessage=Unable to delete file: D:\gitmadang\codda\project\sample_test\resources\message_info\Echo.xml (ProjectBuilderTest.java:521)
kr.pe.codda.common.exception.BuildSystemException fail to delete the main project path[D:\gitmadang\codda\project\sample_test], errormessage=Unable to delete file: D:\gitmadang\codda\project\sample_test\resources\message_info\Echo.xml
	at kr.pe.codda.common.buildsystem.ProjectBuilder.dropProject(ProjectBuilder.java:1802)
	at kr.pe.codda.common.buildsystem.ProjectBuilderTest.testCreateProject_onlyAppClientBuild(ProjectBuilderTest.java:511)
	at sun.reflect.NativeMethodAccessorImpl.invoke0(Native Method)
	at sun.reflect.NativeMethodAccessorImpl.invoke(NativeMethodAccessorImpl.java:62)
	at sun.reflect.DelegatingMethodAccessorImpl.invoke(DelegatingMethodAccessorImpl.java:43)
	at java.lang.reflect.Method.invoke(Method.java:498)
	at org.junit.runners.model.FrameworkMethod$1.runReflectiveCall(FrameworkMethod.java:50)
	at org.junit.internal.runners.model.ReflectiveCallable.run(ReflectiveCallable.java:12)
	at org.junit.runners.model.FrameworkMethod.invokeExplosively(FrameworkMethod.java:47)
	at org.junit.internal.runners.statements.InvokeMethod.evaluate(InvokeMethod.java:17)
	at org.junit.internal.runners.statements.RunBefores.evaluate(RunBefores.java:26)
	at org.junit.internal.runners.statements.RunAfters.evaluate(RunAfters.java:27)
	at org.junit.runners.ParentRunner.runLeaf(ParentRunner.java:325)
	at org.junit.runners.BlockJUnit4ClassRunner.runChild(BlockJUnit4ClassRunner.java:78)
	at org.junit.runners.BlockJUnit4ClassRunner.runChild(BlockJUnit4ClassRunner.java:57)
	at org.junit.runners.ParentRunner$3.run(ParentRunner.java:290)
	at org.junit.runners.ParentRunner$1.schedule(ParentRunner.java:71)
	at org.junit.runners.ParentRunner.runChildren(ParentRunner.java:288)
	at org.junit.runners.ParentRunner.access$000(ParentRunner.java:58)
	at org.junit.runners.ParentRunner$2.evaluate(ParentRunner.java:268)
	at org.junit.internal.runners.statements.RunBefores.evaluate(RunBefores.java:26)
	at org.junit.internal.runners.statements.RunAfters.evaluate(RunAfters.java:27)
	at org.junit.runners.ParentRunner.run(ParentRunner.java:363)
	at junit.framework.JUnit4TestAdapter.run(JUnit4TestAdapter.java:38)
	at org.apache.tools.ant.taskdefs.optional.junit.JUnitTestRunner.run(JUnitTestRunner.java:538)
	at org.apache.tools.ant.taskdefs.optional.junit.JUnitTestRunner.launch(JUnitTestRunner.java:1187)
	at org.apache.tools.ant.taskdefs.optional.junit.JUnitTestRunner.main(JUnitTestRunner.java:1039)
WARN  2018-05-07 15:01:54.584 [main] fail to delete the main project path[D:\gitmadang\codda\project\sample_test] (ProjectBuilder.java:1800)
java.io.IOException Unable to delete file: D:\gitmadang\codda\project\sample_test\resources\message_info\Echo.xml
	at org.apache.commons.io.FileUtils.forceDelete(FileUtils.java:2400)
	at org.apache.commons.io.FileUtils.cleanDirectory(FileUtils.java:1721)
	at org.apache.commons.io.FileUtils.deleteDirectory(FileUtils.java:1617)
	at org.apache.commons.io.FileUtils.forceDelete(FileUtils.java:2391)
	at org.apache.commons.io.FileUtils.cleanDirectory(FileUtils.java:1721)
	at org.apache.commons.io.FileUtils.deleteDirectory(FileUtils.java:1617)
	at org.apache.commons.io.FileUtils.forceDelete(FileUtils.java:2391)
	at org.apache.commons.io.FileUtils.cleanDirectory(FileUtils.java:1721)
	at org.apache.commons.io.FileUtils.deleteDirectory(FileUtils.java:1617)
	at org.apache.commons.io.FileUtils.forceDelete(FileUtils.java:2391)
	at kr.pe.codda.common.buildsystem.ProjectBuilder.dropProject(ProjectBuilder.java:1794)
	at kr.pe.codda.common.buildsystem.ProjectBuilderTest.testIsValidSeverAntBuildXMLFile(ProjectBuilderTest.java:560)
	at sun.reflect.NativeMethodAccessorImpl.invoke0(Native Method)
	at sun.reflect.NativeMethodAccessorImpl.invoke(NativeMethodAccessorImpl.java:62)
	at sun.reflect.DelegatingMethodAccessorImpl.invoke(DelegatingMethodAccessorImpl.java:43)
	at java.lang.reflect.Method.invoke(Method.java:498)
	at org.junit.runners.model.FrameworkMethod$1.runReflectiveCall(FrameworkMethod.java:50)
	at org.junit.internal.runners.model.ReflectiveCallable.run(ReflectiveCallable.java:12)
	at org.junit.runners.model.FrameworkMethod.invokeExplosively(FrameworkMethod.java:47)
	at org.junit.internal.runners.statements.InvokeMethod.evaluate(InvokeMethod.java:17)
	at org.junit.internal.runners.statements.RunBefores.evaluate(RunBefores.java:26)
	at org.junit.internal.runners.statements.RunAfters.evaluate(RunAfters.java:27)
	at org.junit.runners.ParentRunner.runLeaf(ParentRunner.java:325)
	at org.junit.runners.BlockJUnit4ClassRunner.runChild(BlockJUnit4ClassRunner.java:78)
	at org.junit.runners.BlockJUnit4ClassRunner.runChild(BlockJUnit4ClassRunner.java:57)
	at org.junit.runners.ParentRunner$3.run(ParentRunner.java:290)
	at org.junit.runners.ParentRunner$1.schedule(ParentRunner.java:71)
	at org.junit.runners.ParentRunner.runChildren(ParentRunner.java:288)
	at org.junit.runners.ParentRunner.access$000(ParentRunner.java:58)
	at org.junit.runners.ParentRunner$2.evaluate(ParentRunner.java:268)
	at org.junit.internal.runners.statements.RunBefores.evaluate(RunBefores.java:26)
	at org.junit.internal.runners.statements.RunAfters.evaluate(RunAfters.java:27)
	at org.junit.runners.ParentRunner.run(ParentRunner.java:363)
	at junit.framework.JUnit4TestAdapter.run(JUnit4TestAdapter.java:38)
	at org.apache.tools.ant.taskdefs.optional.junit.JUnitTestRunner.run(JUnitTestRunner.java:538)
	at org.apache.tools.ant.taskdefs.optional.junit.JUnitTestRunner.launch(JUnitTestRunner.java:1187)
	at org.apache.tools.ant.taskdefs.optional.junit.JUnitTestRunner.main(JUnitTestRunner.java:1039)
WARN  2018-05-07 15:01:54.620 [main] fail to delete the main project path[D:\gitmadang\codda\project\sample_test], errormessage=Unable to delete file: D:\gitmadang\codda\project\sample_test\resources\message_info\Echo.xml (ProjectBuilderTest.java:575)
kr.pe.codda.common.exception.BuildSystemException fail to delete the main project path[D:\gitmadang\codda\project\sample_test], errormessage=Unable to delete file: D:\gitmadang\codda\project\sample_test\resources\message_info\Echo.xml
	at kr.pe.codda.common.buildsystem.ProjectBuilder.dropProject(ProjectBuilder.java:1802)
	at kr.pe.codda.common.buildsystem.ProjectBuilderTest.testIsValidSeverAntBuildXMLFile(ProjectBuilderTest.java:560)
	at sun.reflect.NativeMethodAccessorImpl.invoke0(Native Method)
	at sun.reflect.NativeMethodAccessorImpl.invoke(NativeMethodAccessorImpl.java:62)
	at sun.reflect.DelegatingMethodAccessorImpl.invoke(DelegatingMethodAccessorImpl.java:43)
	at java.lang.reflect.Method.invoke(Method.java:498)
	at org.junit.runners.model.FrameworkMethod$1.runReflectiveCall(FrameworkMethod.java:50)
	at org.junit.internal.runners.model.ReflectiveCallable.run(ReflectiveCallable.java:12)
	at org.junit.runners.model.FrameworkMethod.invokeExplosively(FrameworkMethod.java:47)
	at org.junit.internal.runners.statements.InvokeMethod.evaluate(InvokeMethod.java:17)
	at org.junit.internal.runners.statements.RunBefores.evaluate(RunBefores.java:26)
	at org.junit.internal.runners.statements.RunAfters.evaluate(RunAfters.java:27)
	at org.junit.runners.ParentRunner.runLeaf(ParentRunner.java:325)
	at org.junit.runners.BlockJUnit4ClassRunner.runChild(BlockJUnit4ClassRunner.java:78)
	at org.junit.runners.BlockJUnit4ClassRunner.runChild(BlockJUnit4ClassRunner.java:57)
	at org.junit.runners.ParentRunner$3.run(ParentRunner.java:290)
	at org.junit.runners.ParentRunner$1.schedule(ParentRunner.java:71)
	at org.junit.runners.ParentRunner.runChildren(ParentRunner.java:288)
	at org.junit.runners.ParentRunner.access$000(ParentRunner.java:58)
	at org.junit.runners.ParentRunner$2.evaluate(ParentRunner.java:268)
	at org.junit.internal.runners.statements.RunBefores.evaluate(RunBefores.java:26)
	at org.junit.internal.runners.statements.RunAfters.evaluate(RunAfters.java:27)
	at org.junit.runners.ParentRunner.run(ParentRunner.java:363)
	at junit.framework.JUnit4TestAdapter.run(JUnit4TestAdapter.java:38)
	at org.apache.tools.ant.taskdefs.optional.junit.JUnitTestRunner.run(JUnitTestRunner.java:538)
	at org.apache.tools.ant.taskdefs.optional.junit.JUnitTestRunner.launch(JUnitTestRunner.java:1187)
	at org.apache.tools.ant.taskdefs.optional.junit.JUnitTestRunner.main(JUnitTestRunner.java:1039)
WARN  2018-05-07 15:01:54.635 [main] fail to delete the main project path[D:\gitmadang\codda\project\sample_test] (ProjectBuilder.java:1800)
java.io.IOException Unable to delete file: D:\gitmadang\codda\project\sample_test\resources\message_info\Echo.xml
	at org.apache.commons.io.FileUtils.forceDelete(FileUtils.java:2400)
	at org.apache.commons.io.FileUtils.cleanDirectory(FileUtils.java:1721)
	at org.apache.commons.io.FileUtils.deleteDirectory(FileUtils.java:1617)
	at org.apache.commons.io.FileUtils.forceDelete(FileUtils.java:2391)
	at org.apache.commons.io.FileUtils.cleanDirectory(FileUtils.java:1721)
	at org.apache.commons.io.FileUtils.deleteDirectory(FileUtils.java:1617)
	at org.apache.commons.io.FileUtils.forceDelete(FileUtils.java:2391)
	at org.apache.commons.io.FileUtils.cleanDirectory(FileUtils.java:1721)
	at org.apache.commons.io.FileUtils.deleteDirectory(FileUtils.java:1617)
	at org.apache.commons.io.FileUtils.forceDelete(FileUtils.java:2391)
	at kr.pe.codda.common.buildsystem.ProjectBuilder.dropProject(ProjectBuilder.java:1794)
	at kr.pe.codda.common.buildsystem.ProjectBuilderTest.testCreateProject_AllTypeBuild(ProjectBuilderTest.java:292)
	at sun.reflect.NativeMethodAccessorImpl.invoke0(Native Method)
	at sun.reflect.NativeMethodAccessorImpl.invoke(NativeMethodAccessorImpl.java:62)
	at sun.reflect.DelegatingMethodAccessorImpl.invoke(DelegatingMethodAccessorImpl.java:43)
	at java.lang.reflect.Method.invoke(Method.java:498)
	at org.junit.runners.model.FrameworkMethod$1.runReflectiveCall(FrameworkMethod.java:50)
	at org.junit.internal.runners.model.ReflectiveCallable.run(ReflectiveCallable.java:12)
	at org.junit.runners.model.FrameworkMethod.invokeExplosively(FrameworkMethod.java:47)
	at org.junit.internal.runners.statements.InvokeMethod.evaluate(InvokeMethod.java:17)
	at org.junit.internal.runners.statements.RunBefores.evaluate(RunBefores.java:26)
	at org.junit.internal.runners.statements.RunAfters.evaluate(RunAfters.java:27)
	at org.junit.runners.ParentRunner.runLeaf(ParentRunner.java:325)
	at org.junit.runners.BlockJUnit4ClassRunner.runChild(BlockJUnit4ClassRunner.java:78)
	at org.junit.runners.BlockJUnit4ClassRunner.runChild(BlockJUnit4ClassRunner.java:57)
	at org.junit.runners.ParentRunner$3.run(ParentRunner.java:290)
	at org.junit.runners.ParentRunner$1.schedule(ParentRunner.java:71)
	at org.junit.runners.ParentRunner.runChildren(ParentRunner.java:288)
	at org.junit.runners.ParentRunner.access$000(ParentRunner.java:58)
	at org.junit.runners.ParentRunner$2.evaluate(ParentRunner.java:268)
	at org.junit.internal.runners.statements.RunBefores.evaluate(RunBefores.java:26)
	at org.junit.internal.runners.statements.RunAfters.evaluate(RunAfters.java:27)
	at org.junit.runners.ParentRunner.run(ParentRunner.java:363)
	at junit.framework.JUnit4TestAdapter.run(JUnit4TestAdapter.java:38)
	at org.apache.tools.ant.taskdefs.optional.junit.JUnitTestRunner.run(JUnitTestRunner.java:538)
	at org.apache.tools.ant.taskdefs.optional.junit.JUnitTestRunner.launch(JUnitTestRunner.java:1187)
	at org.apache.tools.ant.taskdefs.optional.junit.JUnitTestRunner.main(JUnitTestRunner.java:1039)
WARN  2018-05-07 15:01:54.661 [main] fail to delete the main project path[D:\gitmadang\codda\project\sample_test], errormessage=Unable to delete file: D:\gitmadang\codda\project\sample_test\resources\message_info\Echo.xml (ProjectBuilderTest.java:308)
kr.pe.codda.common.exception.BuildSystemException fail to delete the main project path[D:\gitmadang\codda\project\sample_test], errormessage=Unable to delete file: D:\gitmadang\codda\project\sample_test\resources\message_info\Echo.xml
	at kr.pe.codda.common.buildsystem.ProjectBuilder.dropProject(ProjectBuilder.java:1802)
	at kr.pe.codda.common.buildsystem.ProjectBuilderTest.testCreateProject_AllTypeBuild(ProjectBuilderTest.java:292)
	at sun.reflect.NativeMethodAccessorImpl.invoke0(Native Method)
	at sun.reflect.NativeMethodAccessorImpl.invoke(NativeMethodAccessorImpl.java:62)
	at sun.reflect.DelegatingMethodAccessorImpl.invoke(DelegatingMethodAccessorImpl.java:43)
	at java.lang.reflect.Method.invoke(Method.java:498)
	at org.junit.runners.model.FrameworkMethod$1.runReflectiveCall(FrameworkMethod.java:50)
	at org.junit.internal.runners.model.ReflectiveCallable.run(ReflectiveCallable.java:12)
	at org.junit.runners.model.FrameworkMethod.invokeExplosively(FrameworkMethod.java:47)
	at org.junit.internal.runners.statements.InvokeMethod.evaluate(InvokeMethod.java:17)
	at org.junit.internal.runners.statements.RunBefores.evaluate(RunBefores.java:26)
	at org.junit.internal.runners.statements.RunAfters.evaluate(RunAfters.java:27)
	at org.junit.runners.ParentRunner.runLeaf(ParentRunner.java:325)
	at org.junit.runners.BlockJUnit4ClassRunner.runChild(BlockJUnit4ClassRunner.java:78)
	at org.junit.runners.BlockJUnit4ClassRunner.runChild(BlockJUnit4ClassRunner.java:57)
	at org.junit.runners.ParentRunner$3.run(ParentRunner.java:290)
	at org.junit.runners.ParentRunner$1.schedule(ParentRunner.java:71)
	at org.junit.runners.ParentRunner.runChildren(ParentRunner.java:288)
	at org.junit.runners.ParentRunner.access$000(ParentRunner.java:58)
	at org.junit.runners.ParentRunner$2.evaluate(ParentRunner.java:268)
	at org.junit.internal.runners.statements.RunBefores.evaluate(RunBefores.java:26)
	at org.junit.internal.runners.statements.RunAfters.evaluate(RunAfters.java:27)
	at org.junit.runners.ParentRunner.run(ParentRunner.java:363)
	at junit.framework.JUnit4TestAdapter.run(JUnit4TestAdapter.java:38)
	at org.apache.tools.ant.taskdefs.optional.junit.JUnitTestRunner.run(JUnitTestRunner.java:538)
	at org.apache.tools.ant.taskdefs.optional.junit.JUnitTestRunner.launch(JUnitTestRunner.java:1187)
	at org.apache.tools.ant.taskdefs.optional.junit.JUnitTestRunner.main(JUnitTestRunner.java:1039)
WARN  2018-05-07 15:01:54.677 [main] fail to delete the main project path[D:\gitmadang\codda\project\sample_test] (ProjectBuilder.java:1800)
java.io.IOException Unable to delete file: D:\gitmadang\codda\project\sample_test\resources\message_info\Echo.xml
	at org.apache.commons.io.FileUtils.forceDelete(FileUtils.java:2400)
	at org.apache.commons.io.FileUtils.cleanDirectory(FileUtils.java:1721)
	at org.apache.commons.io.FileUtils.deleteDirectory(FileUtils.java:1617)
	at org.apache.commons.io.FileUtils.forceDelete(FileUtils.java:2391)
	at org.apache.commons.io.FileUtils.cleanDirectory(FileUtils.java:1721)
	at org.apache.commons.io.FileUtils.deleteDirectory(FileUtils.java:1617)
	at org.apache.commons.io.FileUtils.forceDelete(FileUtils.java:2391)
	at org.apache.commons.io.FileUtils.cleanDirectory(FileUtils.java:1721)
	at org.apache.commons.io.FileUtils.deleteDirectory(FileUtils.java:1617)
	at org.apache.commons.io.FileUtils.forceDelete(FileUtils.java:2391)
	at kr.pe.codda.common.buildsystem.ProjectBuilder.dropProject(ProjectBuilder.java:1794)
	at kr.pe.codda.common.buildsystem.ProjectBuilderTest.testApplySinnoriInstalledPath(ProjectBuilderTest.java:787)
	at sun.reflect.NativeMethodAccessorImpl.invoke0(Native Method)
	at sun.reflect.NativeMethodAccessorImpl.invoke(NativeMethodAccessorImpl.java:62)
	at sun.reflect.DelegatingMethodAccessorImpl.invoke(DelegatingMethodAccessorImpl.java:43)
	at java.lang.reflect.Method.invoke(Method.java:498)
	at org.junit.runners.model.FrameworkMethod$1.runReflectiveCall(FrameworkMethod.java:50)
	at org.junit.internal.runners.model.ReflectiveCallable.run(ReflectiveCallable.java:12)
	at org.junit.runners.model.FrameworkMethod.invokeExplosively(FrameworkMethod.java:47)
	at org.junit.internal.runners.statements.InvokeMethod.evaluate(InvokeMethod.java:17)
	at org.junit.internal.runners.statements.RunBefores.evaluate(RunBefores.java:26)
	at org.junit.internal.runners.statements.RunAfters.evaluate(RunAfters.java:27)
	at org.junit.runners.ParentRunner.runLeaf(ParentRunner.java:325)
	at org.junit.runners.BlockJUnit4ClassRunner.runChild(BlockJUnit4ClassRunner.java:78)
	at org.junit.runners.BlockJUnit4ClassRunner.runChild(BlockJUnit4ClassRunner.java:57)
	at org.junit.runners.ParentRunner$3.run(ParentRunner.java:290)
	at org.junit.runners.ParentRunner$1.schedule(ParentRunner.java:71)
	at org.junit.runners.ParentRunner.runChildren(ParentRunner.java:288)
	at org.junit.runners.ParentRunner.access$000(ParentRunner.java:58)
	at org.junit.runners.ParentRunner$2.evaluate(ParentRunner.java:268)
	at org.junit.internal.runners.statements.RunBefores.evaluate(RunBefores.java:26)
	at org.junit.internal.runners.statements.RunAfters.evaluate(RunAfters.java:27)
	at org.junit.runners.ParentRunner.run(ParentRunner.java:363)
	at junit.framework.JUnit4TestAdapter.run(JUnit4TestAdapter.java:38)
	at org.apache.tools.ant.taskdefs.optional.junit.JUnitTestRunner.run(JUnitTestRunner.java:538)
	at org.apache.tools.ant.taskdefs.optional.junit.JUnitTestRunner.launch(JUnitTestRunner.java:1187)
	at org.apache.tools.ant.taskdefs.optional.junit.JUnitTestRunner.main(JUnitTestRunner.java:1039)
WARN  2018-05-07 15:01:54.698 [main] fail to delete the main project path[D:\gitmadang\codda\project\sample_test], errormessage=Unable to delete file: D:\gitmadang\codda\project\sample_test\resources\message_info\Echo.xml (ProjectBuilderTest.java:843)
kr.pe.codda.common.exception.BuildSystemException fail to delete the main project path[D:\gitmadang\codda\project\sample_test], errormessage=Unable to delete file: D:\gitmadang\codda\project\sample_test\resources\message_info\Echo.xml
	at kr.pe.codda.common.buildsystem.ProjectBuilder.dropProject(ProjectBuilder.java:1802)
	at kr.pe.codda.common.buildsystem.ProjectBuilderTest.testApplySinnoriInstalledPath(ProjectBuilderTest.java:787)
	at sun.reflect.NativeMethodAccessorImpl.invoke0(Native Method)
	at sun.reflect.NativeMethodAccessorImpl.invoke(NativeMethodAccessorImpl.java:62)
	at sun.reflect.DelegatingMethodAccessorImpl.invoke(DelegatingMethodAccessorImpl.java:43)
	at java.lang.reflect.Method.invoke(Method.java:498)
	at org.junit.runners.model.FrameworkMethod$1.runReflectiveCall(FrameworkMethod.java:50)
	at org.junit.internal.runners.model.ReflectiveCallable.run(ReflectiveCallable.java:12)
	at org.junit.runners.model.FrameworkMethod.invokeExplosively(FrameworkMethod.java:47)
	at org.junit.internal.runners.statements.InvokeMethod.evaluate(InvokeMethod.java:17)
	at org.junit.internal.runners.statements.RunBefores.evaluate(RunBefores.java:26)
	at org.junit.internal.runners.statements.RunAfters.evaluate(RunAfters.java:27)
	at org.junit.runners.ParentRunner.runLeaf(ParentRunner.java:325)
	at org.junit.runners.BlockJUnit4ClassRunner.runChild(BlockJUnit4ClassRunner.java:78)
	at org.junit.runners.BlockJUnit4ClassRunner.runChild(BlockJUnit4ClassRunner.java:57)
	at org.junit.runners.ParentRunner$3.run(ParentRunner.java:290)
	at org.junit.runners.ParentRunner$1.schedule(ParentRunner.java:71)
	at org.junit.runners.ParentRunner.runChildren(ParentRunner.java:288)
	at org.junit.runners.ParentRunner.access$000(ParentRunner.java:58)
	at org.junit.runners.ParentRunner$2.evaluate(ParentRunner.java:268)
	at org.junit.internal.runners.statements.RunBefores.evaluate(RunBefores.java:26)
	at org.junit.internal.runners.statements.RunAfters.evaluate(RunAfters.java:27)
	at org.junit.runners.ParentRunner.run(ParentRunner.java:363)
	at junit.framework.JUnit4TestAdapter.run(JUnit4TestAdapter.java:38)
	at org.apache.tools.ant.taskdefs.optional.junit.JUnitTestRunner.run(JUnitTestRunner.java:538)
	at org.apache.tools.ant.taskdefs.optional.junit.JUnitTestRunner.launch(JUnitTestRunner.java:1187)
	at org.apache.tools.ant.taskdefs.optional.junit.JUnitTestRunner.main(JUnitTestRunner.java:1039)
WARN  2018-05-07 15:01:54.718 [main] fail to delete the main project path[D:\gitmadang\codda\project\sample_test] (ProjectBuilder.java:1800)
java.io.IOException Unable to delete file: D:\gitmadang\codda\project\sample_test\resources\message_info\Echo.xml
	at org.apache.commons.io.FileUtils.forceDelete(FileUtils.java:2400)
	at org.apache.commons.io.FileUtils.cleanDirectory(FileUtils.java:1721)
	at org.apache.commons.io.FileUtils.deleteDirectory(FileUtils.java:1617)
	at org.apache.commons.io.FileUtils.forceDelete(FileUtils.java:2391)
	at org.apache.commons.io.FileUtils.cleanDirectory(FileUtils.java:1721)
	at org.apache.commons.io.FileUtils.deleteDirectory(FileUtils.java:1617)
	at org.apache.commons.io.FileUtils.forceDelete(FileUtils.java:2391)
	at org.apache.commons.io.FileUtils.cleanDirectory(FileUtils.java:1721)
	at org.apache.commons.io.FileUtils.deleteDirectory(FileUtils.java:1617)
	at org.apache.commons.io.FileUtils.forceDelete(FileUtils.java:2391)
	at kr.pe.codda.common.buildsystem.ProjectBuilder.dropProject(ProjectBuilder.java:1794)
	at kr.pe.codda.common.buildsystem.ProjectBuilderTest.testCreateProject_onlyServerBuild(ProjectBuilderTest.java:487)
	at sun.reflect.NativeMethodAccessorImpl.invoke0(Native Method)
	at sun.reflect.NativeMethodAccessorImpl.invoke(NativeMethodAccessorImpl.java:62)
	at sun.reflect.DelegatingMethodAccessorImpl.invoke(DelegatingMethodAccessorImpl.java:43)
	at java.lang.reflect.Method.invoke(Method.java:498)
	at org.junit.runners.model.FrameworkMethod$1.runReflectiveCall(FrameworkMethod.java:50)
	at org.junit.internal.runners.model.ReflectiveCallable.run(ReflectiveCallable.java:12)
	at org.junit.runners.model.FrameworkMethod.invokeExplosively(FrameworkMethod.java:47)
	at org.junit.internal.runners.statements.InvokeMethod.evaluate(InvokeMethod.java:17)
	at org.junit.internal.runners.statements.RunBefores.evaluate(RunBefores.java:26)
	at org.junit.internal.runners.statements.RunAfters.evaluate(RunAfters.java:27)
	at org.junit.runners.ParentRunner.runLeaf(ParentRunner.java:325)
	at org.junit.runners.BlockJUnit4ClassRunner.runChild(BlockJUnit4ClassRunner.java:78)
	at org.junit.runners.BlockJUnit4ClassRunner.runChild(BlockJUnit4ClassRunner.java:57)
	at org.junit.runners.ParentRunner$3.run(ParentRunner.java:290)
	at org.junit.runners.ParentRunner$1.schedule(ParentRunner.java:71)
	at org.junit.runners.ParentRunner.runChildren(ParentRunner.java:288)
	at org.junit.runners.ParentRunner.access$000(ParentRunner.java:58)
	at org.junit.runners.ParentRunner$2.evaluate(ParentRunner.java:268)
	at org.junit.internal.runners.statements.RunBefores.evaluate(RunBefores.java:26)
	at org.junit.internal.runners.statements.RunAfters.evaluate(RunAfters.java:27)
	at org.junit.runners.ParentRunner.run(ParentRunner.java:363)
	at junit.framework.JUnit4TestAdapter.run(JUnit4TestAdapter.java:38)
	at org.apache.tools.ant.taskdefs.optional.junit.JUnitTestRunner.run(JUnitTestRunner.java:538)
	at org.apache.tools.ant.taskdefs.optional.junit.JUnitTestRunner.launch(JUnitTestRunner.java:1187)
	at org.apache.tools.ant.taskdefs.optional.junit.JUnitTestRunner.main(JUnitTestRunner.java:1039)
WARN  2018-05-07 15:01:54.738 [main] fail to delete the main project path[D:\gitmadang\codda\project\sample_test], errormessage=Unable to delete file: D:\gitmadang\codda\project\sample_test\resources\message_info\Echo.xml (ProjectBuilderTest.java:497)
kr.pe.codda.common.exception.BuildSystemException fail to delete the main project path[D:\gitmadang\codda\project\sample_test], errormessage=Unable to delete file: D:\gitmadang\codda\project\sample_test\resources\message_info\Echo.xml
	at kr.pe.codda.common.buildsystem.ProjectBuilder.dropProject(ProjectBuilder.java:1802)
	at kr.pe.codda.common.buildsystem.ProjectBuilderTest.testCreateProject_onlyServerBuild(ProjectBuilderTest.java:487)
	at sun.reflect.NativeMethodAccessorImpl.invoke0(Native Method)
	at sun.reflect.NativeMethodAccessorImpl.invoke(NativeMethodAccessorImpl.java:62)
	at sun.reflect.DelegatingMethodAccessorImpl.invoke(DelegatingMethodAccessorImpl.java:43)
	at java.lang.reflect.Method.invoke(Method.java:498)
	at org.junit.runners.model.FrameworkMethod$1.runReflectiveCall(FrameworkMethod.java:50)
	at org.junit.internal.runners.model.ReflectiveCallable.run(ReflectiveCallable.java:12)
	at org.junit.runners.model.FrameworkMethod.invokeExplosively(FrameworkMethod.java:47)
	at org.junit.internal.runners.statements.InvokeMethod.evaluate(InvokeMethod.java:17)
	at org.junit.internal.runners.statements.RunBefores.evaluate(RunBefores.java:26)
	at org.junit.internal.runners.statements.RunAfters.evaluate(RunAfters.java:27)
	at org.junit.runners.ParentRunner.runLeaf(ParentRunner.java:325)
	at org.junit.runners.BlockJUnit4ClassRunner.runChild(BlockJUnit4ClassRunner.java:78)
	at org.junit.runners.BlockJUnit4ClassRunner.runChild(BlockJUnit4ClassRunner.java:57)
	at org.junit.runners.ParentRunner$3.run(ParentRunner.java:290)
	at org.junit.runners.ParentRunner$1.schedule(ParentRunner.java:71)
	at org.junit.runners.ParentRunner.runChildren(ParentRunner.java:288)
	at org.junit.runners.ParentRunner.access$000(ParentRunner.java:58)
	at org.junit.runners.ParentRunner$2.evaluate(ParentRunner.java:268)
	at org.junit.internal.runners.statements.RunBefores.evaluate(RunBefores.java:26)
	at org.junit.internal.runners.statements.RunAfters.evaluate(RunAfters.java:27)
	at org.junit.runners.ParentRunner.run(ParentRunner.java:363)
	at junit.framework.JUnit4TestAdapter.run(JUnit4TestAdapter.java:38)
	at org.apache.tools.ant.taskdefs.optional.junit.JUnitTestRunner.run(JUnitTestRunner.java:538)
	at org.apache.tools.ant.taskdefs.optional.junit.JUnitTestRunner.launch(JUnitTestRunner.java:1187)
	at org.apache.tools.ant.taskdefs.optional.junit.JUnitTestRunner.main(JUnitTestRunner.java:1039)
]]></system-out>
  <system-err><![CDATA[]]></system-err>
</testsuite>
